12:46:37.050 [main] INFO  o.s.b.t.c.SpringBootTestContextBootstrapper - Neither @ContextConfiguration nor @ContextHierarchy found for test class [com.techprimers.db.SpringBootMysqldbApplicationTests], using SpringBootContextLoader
12:46:37.145 [main] INFO  o.s.t.c.s.AbstractContextLoader - Could not detect default resource locations for test class [com.techprimers.db.SpringBootMysqldbApplicationTests]: no resource found for suffixes {-context.xml, Context.groovy}.
12:46:37.147 [main] INFO  o.s.t.c.s.AnnotationConfigContextLoaderUtils - Could not detect default configuration classes for test class [com.techprimers.db.SpringBootMysqldbApplicationTests]: SpringBootMysqldbApplicationTests does not declare any static, non-private, non-final, nested classes annotated with @Configuration.
12:46:38.229 [main] INFO  o.s.b.t.c.SpringBootTestContextBootstrapper - Found @SpringBootConfiguration com.techprimers.db.SpringBootMysqldbApplication for test class com.techprimers.db.SpringBootMysqldbApplicationTests
12:46:39.194 [main] INFO  o.s.b.t.c.SpringBootTestContextBootstrapper - Loaded default TestExecutionListener class names from location [META-INF/spring.factories]: [org.springframework.boot.test.mock.mockito.MockitoTestExecutionListener, org.springframework.boot.test.mock.mockito.ResetMocksTestExecutionListener, org.springframework.boot.test.autoconfigure.restdocs.RestDocsTestExecutionListener, org.springframework.boot.test.autoconfigure.web.client.MockRestServiceServerResetTestExecutionListener, org.springframework.boot.test.autoconfigure.web.servlet.MockMvcPrintOnlyOnFailureTestExecutionListener, org.springframework.boot.test.autoconfigure.web.servlet.WebDriverTestExecutionListener, org.springframework.test.context.web.ServletTestExecutionListener, org.springframework.test.context.support.DirtiesContextBeforeModesTestExecutionListener, org.springframework.test.context.support.DependencyInjectionTestExecutionListener, org.springframework.test.context.support.DirtiesContextTestExecutionListener, org.springframework.test.context.transaction.TransactionalTestExecutionListener, org.springframework.test.context.jdbc.SqlScriptsTestExecutionListener]
12:46:39.268 [main] INFO  o.s.b.t.c.SpringBootTestContextBootstrapper - Using TestExecutionListeners: [org.springframework.test.context.web.ServletTestExecutionListener@2fb3536e, org.springframework.test.context.support.DirtiesContextBeforeModesTestExecutionListener@169e6180, org.springframework.boot.test.mock.mockito.MockitoTestExecutionListener@35aea049, org.springframework.boot.test.autoconfigure.SpringBootDependencyInjectionTestExecutionListener@7205765b, org.springframework.test.context.support.DirtiesContextTestExecutionListener@47987356, org.springframework.test.context.transaction.TransactionalTestExecutionListener@22ef9844, org.springframework.test.context.jdbc.SqlScriptsTestExecutionListener@6283d8b8, org.springframework.boot.test.mock.mockito.ResetMocksTestExecutionListener@3b6ddd1d, org.springframework.boot.test.autoconfigure.restdocs.RestDocsTestExecutionListener@3f6b0be5, org.springframework.boot.test.autoconfigure.web.client.MockRestServiceServerResetTestExecutionListener@611889f4, org.springframework.boot.test.autoconfigure.web.servlet.MockMvcPrintOnlyOnFailureTestExecutionListener@1da2cb77, org.springframework.boot.test.autoconfigure.web.servlet.WebDriverTestExecutionListener@48f278eb]
12:46:42.706 [main] INFO  c.t.d.SpringBootMysqldbApplicationTests - Starting SpringBootMysqldbApplicationTests on DESKTOP-HGHKDQH with PID 9724 (started by sofia in C:\Users\sofia\git\spring-boot-mysql-example)
12:46:42.708 [main] INFO  c.t.d.SpringBootMysqldbApplicationTests - No active profile set, falling back to default profiles: default
12:46:43.029 [main] INFO  o.s.w.c.s.GenericWebApplicationContext - Refreshing org.springframework.web.context.support.GenericWebApplicationContext@2a3888c1: startup date [Fri Jul 19 12:46:43 BST 2019]; root of context hierarchy
12:46:51.252 [main] INFO  o.s.d.r.c.RepositoryConfigurationDelegate - Multiple Spring Data modules found, entering strict repository configuration mode!
12:46:54.207 [main] INFO  o.s.d.r.c.RepositoryConfigurationDelegate - Multiple Spring Data modules found, entering strict repository configuration mode!
12:46:54.230 [main] INFO  o.s.d.r.c.RepositoryConfigurationExtensionSupport - Spring Data MongoDB - Could not safely identify store assignment for repository candidate interface com.techprimers.db.repository.BioanalysisMetabolitePriceRepository.
12:46:54.245 [main] INFO  o.s.d.r.c.RepositoryConfigurationExtensionSupport - Spring Data MongoDB - Could not safely identify store assignment for repository candidate interface com.techprimers.db.repository.BioanalysisMetaboliteRepository.
12:46:54.246 [main] INFO  o.s.d.r.c.RepositoryConfigurationExtensionSupport - Spring Data MongoDB - Could not safely identify store assignment for repository candidate interface com.techprimers.db.repository.ExternalSourceIdRepository.
12:46:54.247 [main] INFO  o.s.d.r.c.RepositoryConfigurationExtensionSupport - Spring Data MongoDB - Could not safely identify store assignment for repository candidate interface com.techprimers.db.repository.ExternalSourceRepository.
12:46:54.248 [main] INFO  o.s.d.r.c.RepositoryConfigurationExtensionSupport - Spring Data MongoDB - Could not safely identify store assignment for repository candidate interface com.techprimers.db.repository.MetaboliteNameRepository.
12:46:54.249 [main] INFO  o.s.d.r.c.RepositoryConfigurationExtensionSupport - Spring Data MongoDB - Could not safely identify store assignment for repository candidate interface com.techprimers.db.repository.ProviderRepository.
12:46:55.699 [main] INFO  o.s.c.s.PostProcessorRegistrationDelegate$BeanPostProcessorChecker - Bean 'org.springframework.transaction.annotation.ProxyTransactionManagementConfiguration' of type [org.springframework.transaction.annotation.ProxyTransactionManagementConfiguration$$EnhancerBySpringCGLIB$$35b6c4e2] is not eligible for getting processed by all BeanPostProcessors (for example: not eligible for auto-proxying)
12:46:57.427 [main] INFO  com.zaxxer.hikari.HikariDataSource - HikariPool-1 - Starting...
12:46:57.956 [main] INFO  com.zaxxer.hikari.HikariDataSource - HikariPool-1 - Start completed.
12:46:58.183 [main] INFO  o.s.o.j.LocalContainerEntityManagerFactoryBean - Building JPA container EntityManagerFactory for persistence unit 'default'
12:46:58.665 [main] INFO  org.hibernate.Version - HHH000412: Hibernate Core {5.2.17.Final}
12:46:58.668 [main] INFO  org.hibernate.cfg.Environment - HHH000206: hibernate.properties not found
12:46:58.926 [main] INFO  o.h.annotations.common.Version - HCANN000001: Hibernate Commons Annotations {5.0.1.Final}
12:46:59.446 [main] INFO  org.hibernate.dialect.Dialect - HHH000400: Using dialect: org.hibernate.dialect.MySQL5InnoDBDialect
12:47:01.277 [main] INFO  org.hibernate.search.engine.Version - HSEARCH000034: Hibernate Search 5.6.0.Final
12:47:18.928 [main] INFO  o.s.o.j.LocalContainerEntityManagerFactoryBean - Initialized JPA EntityManagerFactory for persistence unit 'default'
12:47:23.717 [main] INFO  o.s.w.s.h.SimpleUrlHandlerMapping - Mapped URL path [/**/favicon.ico] onto handler of type [class org.springframework.web.servlet.resource.ResourceHttpRequestHandler]
12:47:25.200 [main] INFO  o.s.w.s.m.m.a.RequestMappingHandlerAdapter - Looking for @ControllerAdvice: org.springframework.web.context.support.GenericWebApplicationContext@2a3888c1: startup date [Fri Jul 19 12:46:43 BST 2019]; root of context hierarchy
12:47:25.426 [main] INFO  o.s.w.s.m.m.a.RequestMappingHandlerMapping - Mapped "{[/rest/bioeconomicsMetabolitePrice/all],methods=[GET]}" onto public java.util.List<com.techprimers.db.model.BioanalysisMetabolitePrice> com.techprimers.db.resource.BioanalysisMetabolitePriceResource.getAll()
12:47:25.427 [main] INFO  o.s.w.s.m.m.a.RequestMappingHandlerMapping - Mapped "{[/rest/bioeconomicsMetabolitePrice/load],methods=[POST]}" onto public java.util.List<com.techprimers.db.model.BioanalysisMetabolitePrice> com.techprimers.db.resource.BioanalysisMetabolitePriceResource.persist(com.techprimers.db.model.BioanalysisMetabolitePrice)
12:47:25.429 [main] INFO  o.s.w.s.m.m.a.RequestMappingHandlerMapping - Mapped "{[/rest/bioeconomicsMetabolite/all],methods=[GET]}" onto public java.util.List<com.techprimers.db.model.BioanalysisMetabolite> com.techprimers.db.resource.BioanalysisMetaboliteResource.getAll()
12:47:25.429 [main] INFO  o.s.w.s.m.m.a.RequestMappingHandlerMapping - Mapped "{[/rest/bioeconomicsMetabolite/load],methods=[POST]}" onto public java.util.List<com.techprimers.db.model.BioanalysisMetabolite> com.techprimers.db.resource.BioanalysisMetaboliteResource.persist(com.techprimers.db.model.BioanalysisMetabolite)
12:47:25.431 [main] INFO  o.s.w.s.m.m.a.RequestMappingHandlerMapping - Mapped "{[/rest/externalSourcesIds/all],methods=[GET]}" onto public java.util.List<com.techprimers.db.model.ExternalSourceId> com.techprimers.db.resource.ExternalSourceIdResource.getAll()
12:47:25.432 [main] INFO  o.s.w.s.m.m.a.RequestMappingHandlerMapping - Mapped "{[/rest/externalSourcesIds/load],methods=[POST]}" onto public java.util.List<com.techprimers.db.model.ExternalSourceId> com.techprimers.db.resource.ExternalSourceIdResource.persist(com.techprimers.db.model.ExternalSourceId)
12:47:25.433 [main] INFO  o.s.w.s.m.m.a.RequestMappingHandlerMapping - Mapped "{[/rest/metaboliteName/all],methods=[GET]}" onto public java.util.List<com.techprimers.db.model.MetaboliteName> com.techprimers.db.resource.MetaboliteNameResource.getAll()
12:47:25.434 [main] INFO  o.s.w.s.m.m.a.RequestMappingHandlerMapping - Mapped "{[/rest/metaboliteName/load],methods=[POST]}" onto public java.util.List<com.techprimers.db.model.MetaboliteName> com.techprimers.db.resource.MetaboliteNameResource.persist(com.techprimers.db.model.MetaboliteName)
12:47:25.436 [main] INFO  o.s.w.s.m.m.a.RequestMappingHandlerMapping - Mapped "{[/rest/provider/all],methods=[GET]}" onto public java.util.List<com.techprimers.db.model.Provider> com.techprimers.db.resource.ProviderResource.getAll()
12:47:25.436 [main] INFO  o.s.w.s.m.m.a.RequestMappingHandlerMapping - Mapped "{[/rest/provider/load],methods=[POST]}" onto public java.util.List<com.techprimers.db.model.Provider> com.techprimers.db.resource.ProviderResource.persist(com.techprimers.db.model.Provider)
12:47:25.437 [main] INFO  o.s.w.s.m.m.a.RequestMappingHandlerMapping - Mapped "{[/test/t],methods=[GET]}" onto public java.lang.Double com.techprimers.db.resource.Test.stats()
12:47:25.441 [main] INFO  o.s.w.s.m.m.a.RequestMappingHandlerMapping - Mapped "{[/error]}" onto public org.springframework.http.ResponseEntity<java.util.Map<java.lang.String, java.lang.Object>> org.springframework.boot.autoconfigure.web.servlet.error.BasicErrorController.error(javax.servlet.http.HttpServletRequest)
12:47:25.442 [main] INFO  o.s.w.s.m.m.a.RequestMappingHandlerMapping - Mapped "{[/error],produces=[text/html]}" onto public org.springframework.web.servlet.ModelAndView org.springframework.boot.autoconfigure.web.servlet.error.BasicErrorController.errorHtml(javax.servlet.http.HttpServletRequest,javax.servlet.http.HttpServletResponse)
12:47:25.525 [main] INFO  o.s.w.s.h.SimpleUrlHandlerMapping - Mapped URL path [/webjars/**] onto handler of type [class org.springframework.web.servlet.resource.ResourceHttpRequestHandler]
12:47:25.526 [main] INFO  o.s.w.s.h.SimpleUrlHandlerMapping - Mapped URL path [/**] onto handler of type [class org.springframework.web.servlet.resource.ResourceHttpRequestHandler]
12:47:28.849 [main] INFO  org.mongodb.driver.cluster - Cluster created with settings {hosts=[localhost:27017], mode=MULTIPLE, requiredClusterType=UNKNOWN, serverSelectionTimeout='30000 ms', maxWaitQueueSize=500}
12:47:28.850 [main] INFO  org.mongodb.driver.cluster - Adding discovered server localhost:27017 to client view of cluster
12:47:30.002 [cluster-ClusterId{value='5d31add03dd4a525fc67e641', description='null'}-localhost:27017] INFO  org.mongodb.driver.cluster - Exception in monitor thread while connecting to server localhost:27017
com.mongodb.MongoSocketOpenException: Exception opening socket
	at com.mongodb.connection.SocketStream.open(SocketStream.java:62)
	at com.mongodb.connection.InternalStreamConnection.open(InternalStreamConnection.java:126)
	at com.mongodb.connection.DefaultServerMonitor$ServerMonitorRunnable.run(DefaultServerMonitor.java:114)
	at java.lang.Thread.run(Thread.java:748)
Caused by: java.net.ConnectException: Connection refused: connect
	at java.net.DualStackPlainSocketImpl.waitForConnect(Native Method)
	at java.net.DualStackPlainSocketImpl.socketConnect(DualStackPlainSocketImpl.java:85)
	at java.net.AbstractPlainSocketImpl.doConnect(AbstractPlainSocketImpl.java:350)
	at java.net.AbstractPlainSocketImpl.connectToAddress(AbstractPlainSocketImpl.java:206)
	at java.net.AbstractPlainSocketImpl.connect(AbstractPlainSocketImpl.java:188)
	at java.net.PlainSocketImpl.connect(PlainSocketImpl.java:172)
	at java.net.SocksSocketImpl.connect(SocksSocketImpl.java:392)
	at java.net.Socket.connect(Socket.java:589)
	at com.mongodb.connection.SocketStreamHelper.initialize(SocketStreamHelper.java:59)
	at com.mongodb.connection.SocketStream.open(SocketStream.java:57)
	... 3 common frames omitted
12:47:33.931 [main] INFO  o.s.b.a.e.web.EndpointLinksResolver - Exposing 2 endpoint(s) beneath base path '/actuator'
12:47:33.980 [main] INFO  o.s.b.a.e.w.s.WebMvcEndpointHandlerMapping - Mapped "{[/actuator/health],methods=[GET],produces=[application/vnd.spring-boot.actuator.v2+json || application/json]}" onto public java.lang.Object org.springframework.boot.actuate.endpoint.web.servlet.AbstractWebMvcEndpointHandlerMapping$OperationHandler.handle(javax.servlet.http.HttpServletRequest,java.util.Map<java.lang.String, java.lang.String>)
12:47:33.982 [main] INFO  o.s.b.a.e.w.s.WebMvcEndpointHandlerMapping - Mapped "{[/actuator/info],methods=[GET],produces=[application/vnd.spring-boot.actuator.v2+json || application/json]}" onto public java.lang.Object org.springframework.boot.actuate.endpoint.web.servlet.AbstractWebMvcEndpointHandlerMapping$OperationHandler.handle(javax.servlet.http.HttpServletRequest,java.util.Map<java.lang.String, java.lang.String>)
12:47:34.430 [main] INFO  o.s.b.a.e.w.s.WebMvcEndpointHandlerMapping - Mapped "{[/actuator],methods=[GET],produces=[application/vnd.spring-boot.actuator.v2+json || application/json]}" onto protected java.util.Map<java.lang.String, java.util.Map<java.lang.String, org.springframework.boot.actuate.endpoint.web.Link>> org.springframework.boot.actuate.endpoint.web.servlet.WebMvcEndpointHandlerMapping.links(javax.servlet.http.HttpServletRequest,javax.servlet.http.HttpServletResponse)
12:47:34.880 [main] INFO  c.t.d.SpringBootMysqldbApplicationTests - Started SpringBootMysqldbApplicationTests in 55.196 seconds (JVM running for 65.332)
12:47:43.387 [Thread-4] INFO  o.s.w.c.s.GenericWebApplicationContext - Closing org.springframework.web.context.support.GenericWebApplicationContext@2a3888c1: startup date [Fri Jul 19 12:46:43 BST 2019]; root of context hierarchy
12:47:43.401 [Thread-4] INFO  o.s.o.j.LocalContainerEntityManagerFactoryBean - Closing JPA EntityManagerFactory for persistence unit 'default'
12:47:43.403 [Thread-4] INFO  com.zaxxer.hikari.HikariDataSource - HikariPool-1 - Shutdown initiated...
12:47:43.430 [Thread-4] INFO  com.zaxxer.hikari.HikariDataSource - HikariPool-1 - Shutdown completed.
