16:30:07.336 [main] INFO  o.s.b.t.c.SpringBootTestContextBootstrapper - Neither @ContextConfiguration nor @ContextHierarchy found for test class [com.techprimers.db.SpringBootMysqldbApplicationTests], using SpringBootContextLoader
16:30:07.383 [main] INFO  o.s.t.c.s.AbstractContextLoader - Could not detect default resource locations for test class [com.techprimers.db.SpringBootMysqldbApplicationTests]: no resource found for suffixes {-context.xml, Context.groovy}.
16:30:07.383 [main] INFO  o.s.t.c.s.AnnotationConfigContextLoaderUtils - Could not detect default configuration classes for test class [com.techprimers.db.SpringBootMysqldbApplicationTests]: SpringBootMysqldbApplicationTests does not declare any static, non-private, non-final, nested classes annotated with @Configuration.
16:30:07.852 [main] INFO  o.s.b.t.c.SpringBootTestContextBootstrapper - Found @SpringBootConfiguration com.techprimers.db.SpringBootMysqldbApplication for test class com.techprimers.db.SpringBootMysqldbApplicationTests
16:30:08.299 [main] INFO  o.s.b.t.c.SpringBootTestContextBootstrapper - Loaded default TestExecutionListener class names from location [META-INF/spring.factories]: [org.springframework.boot.test.mock.mockito.MockitoTestExecutionListener, org.springframework.boot.test.mock.mockito.ResetMocksTestExecutionListener, org.springframework.boot.test.autoconfigure.restdocs.RestDocsTestExecutionListener, org.springframework.boot.test.autoconfigure.web.client.MockRestServiceServerResetTestExecutionListener, org.springframework.boot.test.autoconfigure.web.servlet.MockMvcPrintOnlyOnFailureTestExecutionListener, org.springframework.boot.test.autoconfigure.web.servlet.WebDriverTestExecutionListener, org.springframework.test.context.web.ServletTestExecutionListener, org.springframework.test.context.support.DirtiesContextBeforeModesTestExecutionListener, org.springframework.test.context.support.DependencyInjectionTestExecutionListener, org.springframework.test.context.support.DirtiesContextTestExecutionListener, org.springframework.test.context.transaction.TransactionalTestExecutionListener, org.springframework.test.context.jdbc.SqlScriptsTestExecutionListener]
16:30:08.327 [main] INFO  o.s.b.t.c.SpringBootTestContextBootstrapper - Using TestExecutionListeners: [org.springframework.test.context.web.ServletTestExecutionListener@3e84448c, org.springframework.test.context.support.DirtiesContextBeforeModesTestExecutionListener@4a7f959b, org.springframework.boot.test.mock.mockito.MockitoTestExecutionListener@429bffaa, org.springframework.boot.test.autoconfigure.SpringBootDependencyInjectionTestExecutionListener@5403f35f, org.springframework.test.context.support.DirtiesContextTestExecutionListener@483f6d77, org.springframework.test.context.transaction.TransactionalTestExecutionListener@7e5afaa6, org.springframework.test.context.jdbc.SqlScriptsTestExecutionListener@63a12c68, org.springframework.boot.test.mock.mockito.ResetMocksTestExecutionListener@28f3b248, org.springframework.boot.test.autoconfigure.restdocs.RestDocsTestExecutionListener@1b1426f4, org.springframework.boot.test.autoconfigure.web.client.MockRestServiceServerResetTestExecutionListener@32b260fa, org.springframework.boot.test.autoconfigure.web.servlet.MockMvcPrintOnlyOnFailureTestExecutionListener@581ac8a8, org.springframework.boot.test.autoconfigure.web.servlet.WebDriverTestExecutionListener@6d4e5011]
16:30:09.756 [main] INFO  c.t.d.SpringBootMysqldbApplicationTests - Starting SpringBootMysqldbApplicationTests on DESKTOP-HGHKDQH with PID 9960 (started by sofia in C:\Users\sofia\git\spring-boot-mysql-example)
16:30:09.756 [main] INFO  c.t.d.SpringBootMysqldbApplicationTests - No active profile set, falling back to default profiles: default
16:30:09.943 [main] INFO  o.s.w.c.s.GenericWebApplicationContext - Refreshing org.springframework.web.context.support.GenericWebApplicationContext@48c76607: startup date [Tue Apr 09 16:30:09 BST 2019]; root of context hierarchy
16:30:13.772 [main] INFO  o.s.d.r.c.RepositoryConfigurationDelegate - Multiple Spring Data modules found, entering strict repository configuration mode!
16:30:15.390 [main] INFO  o.s.d.r.c.RepositoryConfigurationDelegate - Multiple Spring Data modules found, entering strict repository configuration mode!
16:30:15.421 [main] INFO  o.s.d.r.c.RepositoryConfigurationExtensionSupport - Spring Data MongoDB - Could not safely identify store assignment for repository candidate interface com.techprimers.db.repository.BioeconomicsMetabolitePriceRepository.
16:30:15.421 [main] INFO  o.s.d.r.c.RepositoryConfigurationExtensionSupport - Spring Data MongoDB - Could not safely identify store assignment for repository candidate interface com.techprimers.db.repository.BioeconomicsMetaboliteRepository.
16:30:15.421 [main] INFO  o.s.d.r.c.RepositoryConfigurationExtensionSupport - Spring Data MongoDB - Could not safely identify store assignment for repository candidate interface com.techprimers.db.repository.ExternalSourceIdRepository.
16:30:15.421 [main] INFO  o.s.d.r.c.RepositoryConfigurationExtensionSupport - Spring Data MongoDB - Could not safely identify store assignment for repository candidate interface com.techprimers.db.repository.MetaboliteNameRepository.
16:30:15.421 [main] INFO  o.s.d.r.c.RepositoryConfigurationExtensionSupport - Spring Data MongoDB - Could not safely identify store assignment for repository candidate interface com.techprimers.db.repository.ProviderRepository.
16:30:16.803 [main] INFO  o.s.c.s.PostProcessorRegistrationDelegate$BeanPostProcessorChecker - Bean 'org.springframework.transaction.annotation.ProxyTransactionManagementConfiguration' of type [org.springframework.transaction.annotation.ProxyTransactionManagementConfiguration$$EnhancerBySpringCGLIB$$a491ed1f] is not eligible for getting processed by all BeanPostProcessors (for example: not eligible for auto-proxying)
16:30:18.470 [main] INFO  com.zaxxer.hikari.HikariDataSource - HikariPool-1 - Starting...
16:30:19.211 [main] INFO  com.zaxxer.hikari.HikariDataSource - HikariPool-1 - Start completed.
16:30:19.522 [main] INFO  o.s.o.j.LocalContainerEntityManagerFactoryBean - Building JPA container EntityManagerFactory for persistence unit 'default'
16:30:20.053 [main] INFO  org.hibernate.Version - HHH000412: Hibernate Core {5.2.17.Final}
16:30:20.053 [main] INFO  org.hibernate.cfg.Environment - HHH000206: hibernate.properties not found
16:30:20.367 [main] INFO  o.h.annotations.common.Version - HCANN000001: Hibernate Commons Annotations {5.0.1.Final}
16:30:20.742 [main] INFO  org.hibernate.dialect.Dialect - HHH000400: Using dialect: org.hibernate.dialect.MySQL5InnoDBDialect
16:30:23.332 [main] INFO  org.hibernate.search.engine.Version - HSEARCH000034: Hibernate Search 5.6.0.Final
16:30:23.584 [main] INFO  org.hibernate.tuple.PojoInstantiator - HHH000182: No default (no-argument) constructor for class: com.techprimers.db.model.ExternalSource (class must be instantiated by Interceptor)
16:30:28.188 [main] INFO  o.s.o.j.LocalContainerEntityManagerFactoryBean - Initialized JPA EntityManagerFactory for persistence unit 'default'
16:30:29.333 [main] INFO  o.s.o.j.LocalContainerEntityManagerFactoryBean - Closing JPA EntityManagerFactory for persistence unit 'default'
16:30:29.333 [main] INFO  com.zaxxer.hikari.HikariDataSource - HikariPool-1 - Shutdown initiated...
16:30:29.349 [main] INFO  com.zaxxer.hikari.HikariDataSource - HikariPool-1 - Shutdown completed.
16:32:08.008 [main] INFO  o.s.b.t.c.SpringBootTestContextBootstrapper - Neither @ContextConfiguration nor @ContextHierarchy found for test class [com.techprimers.db.SpringBootMysqldbApplicationTests], using SpringBootContextLoader
16:32:08.024 [main] INFO  o.s.t.c.s.AbstractContextLoader - Could not detect default resource locations for test class [com.techprimers.db.SpringBootMysqldbApplicationTests]: no resource found for suffixes {-context.xml, Context.groovy}.
16:32:08.024 [main] INFO  o.s.t.c.s.AnnotationConfigContextLoaderUtils - Could not detect default configuration classes for test class [com.techprimers.db.SpringBootMysqldbApplicationTests]: SpringBootMysqldbApplicationTests does not declare any static, non-private, non-final, nested classes annotated with @Configuration.
16:32:08.260 [main] INFO  o.s.b.t.c.SpringBootTestContextBootstrapper - Found @SpringBootConfiguration com.techprimers.db.SpringBootMysqldbApplication for test class com.techprimers.db.SpringBootMysqldbApplicationTests
16:32:08.562 [main] INFO  o.s.b.t.c.SpringBootTestContextBootstrapper - Loaded default TestExecutionListener class names from location [META-INF/spring.factories]: [org.springframework.boot.test.mock.mockito.MockitoTestExecutionListener, org.springframework.boot.test.mock.mockito.ResetMocksTestExecutionListener, org.springframework.boot.test.autoconfigure.restdocs.RestDocsTestExecutionListener, org.springframework.boot.test.autoconfigure.web.client.MockRestServiceServerResetTestExecutionListener, org.springframework.boot.test.autoconfigure.web.servlet.MockMvcPrintOnlyOnFailureTestExecutionListener, org.springframework.boot.test.autoconfigure.web.servlet.WebDriverTestExecutionListener, org.springframework.test.context.web.ServletTestExecutionListener, org.springframework.test.context.support.DirtiesContextBeforeModesTestExecutionListener, org.springframework.test.context.support.DependencyInjectionTestExecutionListener, org.springframework.test.context.support.DirtiesContextTestExecutionListener, org.springframework.test.context.transaction.TransactionalTestExecutionListener, org.springframework.test.context.jdbc.SqlScriptsTestExecutionListener]
16:32:08.593 [main] INFO  o.s.b.t.c.SpringBootTestContextBootstrapper - Using TestExecutionListeners: [org.springframework.test.context.web.ServletTestExecutionListener@3e84448c, org.springframework.test.context.support.DirtiesContextBeforeModesTestExecutionListener@4a7f959b, org.springframework.boot.test.mock.mockito.MockitoTestExecutionListener@429bffaa, org.springframework.boot.test.autoconfigure.SpringBootDependencyInjectionTestExecutionListener@5403f35f, org.springframework.test.context.support.DirtiesContextTestExecutionListener@483f6d77, org.springframework.test.context.transaction.TransactionalTestExecutionListener@7e5afaa6, org.springframework.test.context.jdbc.SqlScriptsTestExecutionListener@63a12c68, org.springframework.boot.test.mock.mockito.ResetMocksTestExecutionListener@28f3b248, org.springframework.boot.test.autoconfigure.restdocs.RestDocsTestExecutionListener@1b1426f4, org.springframework.boot.test.autoconfigure.web.client.MockRestServiceServerResetTestExecutionListener@32b260fa, org.springframework.boot.test.autoconfigure.web.servlet.MockMvcPrintOnlyOnFailureTestExecutionListener@581ac8a8, org.springframework.boot.test.autoconfigure.web.servlet.WebDriverTestExecutionListener@6d4e5011]
16:32:09.300 [main] INFO  c.t.d.SpringBootMysqldbApplicationTests - Starting SpringBootMysqldbApplicationTests on DESKTOP-HGHKDQH with PID 7820 (started by sofia in C:\Users\sofia\git\spring-boot-mysql-example)
16:32:09.300 [main] INFO  c.t.d.SpringBootMysqldbApplicationTests - No active profile set, falling back to default profiles: default
16:32:09.362 [main] INFO  o.s.w.c.s.GenericWebApplicationContext - Refreshing org.springframework.web.context.support.GenericWebApplicationContext@3b79fd76: startup date [Tue Apr 09 16:32:09 BST 2019]; root of context hierarchy
16:32:11.066 [main] INFO  o.s.d.r.c.RepositoryConfigurationDelegate - Multiple Spring Data modules found, entering strict repository configuration mode!
16:32:12.193 [main] INFO  o.s.d.r.c.RepositoryConfigurationDelegate - Multiple Spring Data modules found, entering strict repository configuration mode!
16:32:12.208 [main] INFO  o.s.d.r.c.RepositoryConfigurationExtensionSupport - Spring Data MongoDB - Could not safely identify store assignment for repository candidate interface com.techprimers.db.repository.BioeconomicsMetabolitePriceRepository.
16:32:12.226 [main] INFO  o.s.d.r.c.RepositoryConfigurationExtensionSupport - Spring Data MongoDB - Could not safely identify store assignment for repository candidate interface com.techprimers.db.repository.BioeconomicsMetaboliteRepository.
16:32:12.227 [main] INFO  o.s.d.r.c.RepositoryConfigurationExtensionSupport - Spring Data MongoDB - Could not safely identify store assignment for repository candidate interface com.techprimers.db.repository.ExternalSourceIdRepository.
16:32:12.228 [main] INFO  o.s.d.r.c.RepositoryConfigurationExtensionSupport - Spring Data MongoDB - Could not safely identify store assignment for repository candidate interface com.techprimers.db.repository.MetaboliteNameRepository.
16:32:12.229 [main] INFO  o.s.d.r.c.RepositoryConfigurationExtensionSupport - Spring Data MongoDB - Could not safely identify store assignment for repository candidate interface com.techprimers.db.repository.ProviderRepository.
16:32:13.469 [main] INFO  o.s.c.s.PostProcessorRegistrationDelegate$BeanPostProcessorChecker - Bean 'org.springframework.transaction.annotation.ProxyTransactionManagementConfiguration' of type [org.springframework.transaction.annotation.ProxyTransactionManagementConfiguration$$EnhancerBySpringCGLIB$$79897f5b] is not eligible for getting processed by all BeanPostProcessors (for example: not eligible for auto-proxying)
16:32:14.545 [main] INFO  com.zaxxer.hikari.HikariDataSource - HikariPool-1 - Starting...
16:32:14.949 [main] INFO  com.zaxxer.hikari.HikariDataSource - HikariPool-1 - Start completed.
16:32:15.074 [main] INFO  o.s.o.j.LocalContainerEntityManagerFactoryBean - Building JPA container EntityManagerFactory for persistence unit 'default'
16:32:15.377 [main] INFO  org.hibernate.Version - HHH000412: Hibernate Core {5.2.17.Final}
16:32:15.377 [main] INFO  org.hibernate.cfg.Environment - HHH000206: hibernate.properties not found
16:32:15.487 [main] INFO  o.h.annotations.common.Version - HCANN000001: Hibernate Commons Annotations {5.0.1.Final}
16:32:15.737 [main] INFO  org.hibernate.dialect.Dialect - HHH000400: Using dialect: org.hibernate.dialect.MySQL5InnoDBDialect
16:32:16.813 [main] INFO  org.hibernate.search.engine.Version - HSEARCH000034: Hibernate Search 5.6.0.Final
16:32:16.938 [main] INFO  org.hibernate.tuple.PojoInstantiator - HHH000182: No default (no-argument) constructor for class: com.techprimers.db.model.ExternalSource (class must be instantiated by Interceptor)
16:32:25.130 [main] INFO  o.s.o.j.LocalContainerEntityManagerFactoryBean - Initialized JPA EntityManagerFactory for persistence unit 'default'
16:32:25.861 [main] INFO  o.s.o.j.LocalContainerEntityManagerFactoryBean - Closing JPA EntityManagerFactory for persistence unit 'default'
16:32:25.861 [main] INFO  com.zaxxer.hikari.HikariDataSource - HikariPool-1 - Shutdown initiated...
16:32:25.871 [main] INFO  com.zaxxer.hikari.HikariDataSource - HikariPool-1 - Shutdown completed.
16:33:23.935 [main] INFO  o.s.b.t.c.SpringBootTestContextBootstrapper - Neither @ContextConfiguration nor @ContextHierarchy found for test class [com.techprimers.db.SpringBootMysqldbApplicationTests], using SpringBootContextLoader
16:33:23.951 [main] INFO  o.s.t.c.s.AbstractContextLoader - Could not detect default resource locations for test class [com.techprimers.db.SpringBootMysqldbApplicationTests]: no resource found for suffixes {-context.xml, Context.groovy}.
16:33:23.951 [main] INFO  o.s.t.c.s.AnnotationConfigContextLoaderUtils - Could not detect default configuration classes for test class [com.techprimers.db.SpringBootMysqldbApplicationTests]: SpringBootMysqldbApplicationTests does not declare any static, non-private, non-final, nested classes annotated with @Configuration.
16:33:24.185 [main] INFO  o.s.b.t.c.SpringBootTestContextBootstrapper - Found @SpringBootConfiguration com.techprimers.db.SpringBootMysqldbApplication for test class com.techprimers.db.SpringBootMysqldbApplicationTests
16:33:24.466 [main] INFO  o.s.b.t.c.SpringBootTestContextBootstrapper - Loaded default TestExecutionListener class names from location [META-INF/spring.factories]: [org.springframework.boot.test.mock.mockito.MockitoTestExecutionListener, org.springframework.boot.test.mock.mockito.ResetMocksTestExecutionListener, org.springframework.boot.test.autoconfigure.restdocs.RestDocsTestExecutionListener, org.springframework.boot.test.autoconfigure.web.client.MockRestServiceServerResetTestExecutionListener, org.springframework.boot.test.autoconfigure.web.servlet.MockMvcPrintOnlyOnFailureTestExecutionListener, org.springframework.boot.test.autoconfigure.web.servlet.WebDriverTestExecutionListener, org.springframework.test.context.web.ServletTestExecutionListener, org.springframework.test.context.support.DirtiesContextBeforeModesTestExecutionListener, org.springframework.test.context.support.DependencyInjectionTestExecutionListener, org.springframework.test.context.support.DirtiesContextTestExecutionListener, org.springframework.test.context.transaction.TransactionalTestExecutionListener, org.springframework.test.context.jdbc.SqlScriptsTestExecutionListener]
16:33:24.498 [main] INFO  o.s.b.t.c.SpringBootTestContextBootstrapper - Using TestExecutionListeners: [org.springframework.test.context.web.ServletTestExecutionListener@3e84448c, org.springframework.test.context.support.DirtiesContextBeforeModesTestExecutionListener@4a7f959b, org.springframework.boot.test.mock.mockito.MockitoTestExecutionListener@429bffaa, org.springframework.boot.test.autoconfigure.SpringBootDependencyInjectionTestExecutionListener@5403f35f, org.springframework.test.context.support.DirtiesContextTestExecutionListener@483f6d77, org.springframework.test.context.transaction.TransactionalTestExecutionListener@7e5afaa6, org.springframework.test.context.jdbc.SqlScriptsTestExecutionListener@63a12c68, org.springframework.boot.test.mock.mockito.ResetMocksTestExecutionListener@28f3b248, org.springframework.boot.test.autoconfigure.restdocs.RestDocsTestExecutionListener@1b1426f4, org.springframework.boot.test.autoconfigure.web.client.MockRestServiceServerResetTestExecutionListener@32b260fa, org.springframework.boot.test.autoconfigure.web.servlet.MockMvcPrintOnlyOnFailureTestExecutionListener@581ac8a8, org.springframework.boot.test.autoconfigure.web.servlet.WebDriverTestExecutionListener@6d4e5011]
16:33:25.195 [main] INFO  c.t.d.SpringBootMysqldbApplicationTests - Starting SpringBootMysqldbApplicationTests on DESKTOP-HGHKDQH with PID 1452 (started by sofia in C:\Users\sofia\git\spring-boot-mysql-example)
16:33:25.195 [main] INFO  c.t.d.SpringBootMysqldbApplicationTests - No active profile set, falling back to default profiles: default
16:33:25.273 [main] INFO  o.s.w.c.s.GenericWebApplicationContext - Refreshing org.springframework.web.context.support.GenericWebApplicationContext@3b79fd76: startup date [Tue Apr 09 16:33:25 BST 2019]; root of context hierarchy
16:33:26.979 [main] INFO  o.s.d.r.c.RepositoryConfigurationDelegate - Multiple Spring Data modules found, entering strict repository configuration mode!
16:33:28.112 [main] INFO  o.s.d.r.c.RepositoryConfigurationDelegate - Multiple Spring Data modules found, entering strict repository configuration mode!
16:33:28.143 [main] INFO  o.s.d.r.c.RepositoryConfigurationExtensionSupport - Spring Data MongoDB - Could not safely identify store assignment for repository candidate interface com.techprimers.db.repository.BioeconomicsMetabolitePriceRepository.
16:33:28.143 [main] INFO  o.s.d.r.c.RepositoryConfigurationExtensionSupport - Spring Data MongoDB - Could not safely identify store assignment for repository candidate interface com.techprimers.db.repository.BioeconomicsMetaboliteRepository.
16:33:28.143 [main] INFO  o.s.d.r.c.RepositoryConfigurationExtensionSupport - Spring Data MongoDB - Could not safely identify store assignment for repository candidate interface com.techprimers.db.repository.ExternalSourceIdRepository.
16:33:28.143 [main] INFO  o.s.d.r.c.RepositoryConfigurationExtensionSupport - Spring Data MongoDB - Could not safely identify store assignment for repository candidate interface com.techprimers.db.repository.MetaboliteNameRepository.
16:33:28.143 [main] INFO  o.s.d.r.c.RepositoryConfigurationExtensionSupport - Spring Data MongoDB - Could not safely identify store assignment for repository candidate interface com.techprimers.db.repository.ProviderRepository.
16:33:29.541 [main] INFO  o.s.c.s.PostProcessorRegistrationDelegate$BeanPostProcessorChecker - Bean 'org.springframework.transaction.annotation.ProxyTransactionManagementConfiguration' of type [org.springframework.transaction.annotation.ProxyTransactionManagementConfiguration$$EnhancerBySpringCGLIB$$f8fc468f] is not eligible for getting processed by all BeanPostProcessors (for example: not eligible for auto-proxying)
16:33:30.597 [main] INFO  com.zaxxer.hikari.HikariDataSource - HikariPool-1 - Starting...
16:33:30.948 [main] INFO  com.zaxxer.hikari.HikariDataSource - HikariPool-1 - Start completed.
16:33:31.073 [main] INFO  o.s.o.j.LocalContainerEntityManagerFactoryBean - Building JPA container EntityManagerFactory for persistence unit 'default'
16:33:31.385 [main] INFO  org.hibernate.Version - HHH000412: Hibernate Core {5.2.17.Final}
16:33:31.400 [main] INFO  org.hibernate.cfg.Environment - HHH000206: hibernate.properties not found
16:33:31.510 [main] INFO  o.h.annotations.common.Version - HCANN000001: Hibernate Commons Annotations {5.0.1.Final}
16:33:31.744 [main] INFO  org.hibernate.dialect.Dialect - HHH000400: Using dialect: org.hibernate.dialect.MySQL5InnoDBDialect
16:33:32.886 [main] INFO  org.hibernate.search.engine.Version - HSEARCH000034: Hibernate Search 5.6.0.Final
16:33:33.026 [main] INFO  org.hibernate.tuple.PojoInstantiator - HHH000182: No default (no-argument) constructor for class: com.techprimers.db.model.ExternalSource (class must be instantiated by Interceptor)
16:33:33.704 [main] INFO  o.s.o.j.LocalContainerEntityManagerFactoryBean - Initialized JPA EntityManagerFactory for persistence unit 'default'
16:33:35.319 [main] INFO  o.s.w.s.h.SimpleUrlHandlerMapping - Mapped URL path [/**/favicon.ico] onto handler of type [class org.springframework.web.servlet.resource.ResourceHttpRequestHandler]
16:33:36.473 [main] INFO  o.s.w.s.m.m.a.RequestMappingHandlerAdapter - Looking for @ControllerAdvice: org.springframework.web.context.support.GenericWebApplicationContext@3b79fd76: startup date [Tue Apr 09 16:33:25 BST 2019]; root of context hierarchy
16:33:36.822 [main] INFO  o.s.w.s.m.m.a.RequestMappingHandlerMapping - Mapped "{[/rest/bioeconomicsMetabolitePrice/all],methods=[GET]}" onto public java.util.List<com.techprimers.db.model.BioeconomicsMetabolitePrice> com.techprimers.db.resource.BioeconomicsMetabolitePriceResource.getAll()
16:33:36.822 [main] INFO  o.s.w.s.m.m.a.RequestMappingHandlerMapping - Mapped "{[/rest/bioeconomicsMetabolitePrice/load],methods=[POST]}" onto public java.util.List<com.techprimers.db.model.BioeconomicsMetabolitePrice> com.techprimers.db.resource.BioeconomicsMetabolitePriceResource.persist(com.techprimers.db.model.BioeconomicsMetabolitePrice)
16:33:36.822 [main] INFO  o.s.w.s.m.m.a.RequestMappingHandlerMapping - Mapped "{[/rest/bioeconomicsMetabolite/all],methods=[GET]}" onto public java.util.List<com.techprimers.db.model.BioanalysisMetabolite> com.techprimers.db.resource.BioeconomicsMetaboliteResource.getAll()
16:33:36.822 [main] INFO  o.s.w.s.m.m.a.RequestMappingHandlerMapping - Mapped "{[/rest/bioeconomicsMetabolite/load],methods=[POST]}" onto public java.util.List<com.techprimers.db.model.BioanalysisMetabolite> com.techprimers.db.resource.BioeconomicsMetaboliteResource.persist(com.techprimers.db.model.BioanalysisMetabolite)
16:33:36.822 [main] INFO  o.s.w.s.m.m.a.RequestMappingHandlerMapping - Mapped "{[/rest/externalSourcesIds/all],methods=[GET]}" onto public java.util.List<com.techprimers.db.model.ExternalSourceId> com.techprimers.db.resource.ExternalSourceIdResource.getAll()
16:33:36.822 [main] INFO  o.s.w.s.m.m.a.RequestMappingHandlerMapping - Mapped "{[/rest/externalSourcesIds/load],methods=[POST]}" onto public java.util.List<com.techprimers.db.model.ExternalSourceId> com.techprimers.db.resource.ExternalSourceIdResource.persist(com.techprimers.db.model.ExternalSourceId)
16:33:36.822 [main] INFO  o.s.w.s.m.m.a.RequestMappingHandlerMapping - Mapped "{[/rest/metaboliteName/all],methods=[GET]}" onto public java.util.List<com.techprimers.db.model.MetaboliteName> com.techprimers.db.resource.MetaboliteNameResource.getAll()
16:33:36.822 [main] INFO  o.s.w.s.m.m.a.RequestMappingHandlerMapping - Mapped "{[/rest/metaboliteName/load],methods=[POST]}" onto public java.util.List<com.techprimers.db.model.MetaboliteName> com.techprimers.db.resource.MetaboliteNameResource.persist(com.techprimers.db.model.MetaboliteName)
16:33:36.822 [main] INFO  o.s.w.s.m.m.a.RequestMappingHandlerMapping - Mapped "{[/rest/provider/all],methods=[GET]}" onto public java.util.List<com.techprimers.db.model.Provider> com.techprimers.db.resource.ProviderResource.getAll()
16:33:36.822 [main] INFO  o.s.w.s.m.m.a.RequestMappingHandlerMapping - Mapped "{[/rest/provider/load],methods=[POST]}" onto public java.util.List<com.techprimers.db.model.Provider> com.techprimers.db.resource.ProviderResource.persist(com.techprimers.db.model.Provider)
16:33:36.838 [main] INFO  o.s.w.s.m.m.a.RequestMappingHandlerMapping - Mapped "{[/test/t],methods=[GET]}" onto public java.lang.Double com.techprimers.db.resource.Test.stats()
16:33:36.838 [main] INFO  o.s.w.s.m.m.a.RequestMappingHandlerMapping - Mapped "{[/error]}" onto public org.springframework.http.ResponseEntity<java.util.Map<java.lang.String, java.lang.Object>> org.springframework.boot.autoconfigure.web.servlet.error.BasicErrorController.error(javax.servlet.http.HttpServletRequest)
16:33:36.838 [main] INFO  o.s.w.s.m.m.a.RequestMappingHandlerMapping - Mapped "{[/error],produces=[text/html]}" onto public org.springframework.web.servlet.ModelAndView org.springframework.boot.autoconfigure.web.servlet.error.BasicErrorController.errorHtml(javax.servlet.http.HttpServletRequest,javax.servlet.http.HttpServletResponse)
16:33:36.931 [main] INFO  o.s.w.s.h.SimpleUrlHandlerMapping - Mapped URL path [/webjars/**] onto handler of type [class org.springframework.web.servlet.resource.ResourceHttpRequestHandler]
16:33:36.931 [main] INFO  o.s.w.s.h.SimpleUrlHandlerMapping - Mapped URL path [/**] onto handler of type [class org.springframework.web.servlet.resource.ResourceHttpRequestHandler]
16:33:41.231 [main] INFO  org.mongodb.driver.cluster - Cluster created with settings {hosts=[localhost:27017], mode=MULTIPLE, requiredClusterType=UNKNOWN, serverSelectionTimeout='30000 ms', maxWaitQueueSize=500}
16:33:41.231 [main] INFO  org.mongodb.driver.cluster - Adding discovered server localhost:27017 to client view of cluster
16:33:42.338 [cluster-ClusterId{value='5cacbb5511c00b05ac654a4e', description='null'}-localhost:27017] INFO  org.mongodb.driver.cluster - Exception in monitor thread while connecting to server localhost:27017
com.mongodb.MongoSocketOpenException: Exception opening socket
	at com.mongodb.connection.SocketStream.open(SocketStream.java:62)
	at com.mongodb.connection.InternalStreamConnection.open(InternalStreamConnection.java:126)
	at com.mongodb.connection.DefaultServerMonitor$ServerMonitorRunnable.run(DefaultServerMonitor.java:114)
	at java.lang.Thread.run(Unknown Source)
Caused by: java.net.ConnectException: Connection refused: connect
	at java.net.DualStackPlainSocketImpl.waitForConnect(Native Method)
	at java.net.DualStackPlainSocketImpl.socketConnect(Unknown Source)
	at java.net.AbstractPlainSocketImpl.doConnect(Unknown Source)
	at java.net.AbstractPlainSocketImpl.connectToAddress(Unknown Source)
	at java.net.AbstractPlainSocketImpl.connect(Unknown Source)
	at java.net.PlainSocketImpl.connect(Unknown Source)
	at java.net.SocksSocketImpl.connect(Unknown Source)
	at java.net.Socket.connect(Unknown Source)
	at com.mongodb.connection.SocketStreamHelper.initialize(SocketStreamHelper.java:59)
	at com.mongodb.connection.SocketStream.open(SocketStream.java:57)
	... 3 common frames omitted
16:33:43.759 [main] INFO  o.s.b.a.e.web.EndpointLinksResolver - Exposing 2 endpoint(s) beneath base path '/actuator'
16:33:43.790 [main] INFO  o.s.b.a.e.w.s.WebMvcEndpointHandlerMapping - Mapped "{[/actuator/health],methods=[GET],produces=[application/vnd.spring-boot.actuator.v2+json || application/json]}" onto public java.lang.Object org.springframework.boot.actuate.endpoint.web.servlet.AbstractWebMvcEndpointHandlerMapping$OperationHandler.handle(javax.servlet.http.HttpServletRequest,java.util.Map<java.lang.String, java.lang.String>)
16:33:43.790 [main] INFO  o.s.b.a.e.w.s.WebMvcEndpointHandlerMapping - Mapped "{[/actuator/info],methods=[GET],produces=[application/vnd.spring-boot.actuator.v2+json || application/json]}" onto public java.lang.Object org.springframework.boot.actuate.endpoint.web.servlet.AbstractWebMvcEndpointHandlerMapping$OperationHandler.handle(javax.servlet.http.HttpServletRequest,java.util.Map<java.lang.String, java.lang.String>)
16:33:43.790 [main] INFO  o.s.b.a.e.w.s.WebMvcEndpointHandlerMapping - Mapped "{[/actuator],methods=[GET],produces=[application/vnd.spring-boot.actuator.v2+json || application/json]}" onto protected java.util.Map<java.lang.String, java.util.Map<java.lang.String, org.springframework.boot.actuate.endpoint.web.Link>> org.springframework.boot.actuate.endpoint.web.servlet.WebMvcEndpointHandlerMapping.links(javax.servlet.http.HttpServletRequest,javax.servlet.http.HttpServletResponse)
16:33:43.946 [main] INFO  c.t.d.SpringBootMysqldbApplicationTests - Started SpringBootMysqldbApplicationTests in 19.37 seconds (JVM running for 21.393)
16:33:44.934 [Thread-4] INFO  o.s.w.c.s.GenericWebApplicationContext - Closing org.springframework.web.context.support.GenericWebApplicationContext@3b79fd76: startup date [Tue Apr 09 16:33:25 BST 2019]; root of context hierarchy
16:33:44.981 [Thread-4] INFO  o.s.o.j.LocalContainerEntityManagerFactoryBean - Closing JPA EntityManagerFactory for persistence unit 'default'
16:33:44.981 [Thread-4] INFO  com.zaxxer.hikari.HikariDataSource - HikariPool-1 - Shutdown initiated...
16:33:45.012 [Thread-4] INFO  com.zaxxer.hikari.HikariDataSource - HikariPool-1 - Shutdown completed.
16:38:04.945 [main] INFO  o.s.b.t.c.SpringBootTestContextBootstrapper - Neither @ContextConfiguration nor @ContextHierarchy found for test class [com.techprimers.db.SpringBootMysqldbApplicationTests], using SpringBootContextLoader
16:38:04.961 [main] INFO  o.s.t.c.s.AbstractContextLoader - Could not detect default resource locations for test class [com.techprimers.db.SpringBootMysqldbApplicationTests]: no resource found for suffixes {-context.xml, Context.groovy}.
16:38:04.961 [main] INFO  o.s.t.c.s.AnnotationConfigContextLoaderUtils - Could not detect default configuration classes for test class [com.techprimers.db.SpringBootMysqldbApplicationTests]: SpringBootMysqldbApplicationTests does not declare any static, non-private, non-final, nested classes annotated with @Configuration.
16:38:05.196 [main] INFO  o.s.b.t.c.SpringBootTestContextBootstrapper - Found @SpringBootConfiguration com.techprimers.db.SpringBootMysqldbApplication for test class com.techprimers.db.SpringBootMysqldbApplicationTests
16:38:05.475 [main] INFO  o.s.b.t.c.SpringBootTestContextBootstrapper - Loaded default TestExecutionListener class names from location [META-INF/spring.factories]: [org.springframework.boot.test.mock.mockito.MockitoTestExecutionListener, org.springframework.boot.test.mock.mockito.ResetMocksTestExecutionListener, org.springframework.boot.test.autoconfigure.restdocs.RestDocsTestExecutionListener, org.springframework.boot.test.autoconfigure.web.client.MockRestServiceServerResetTestExecutionListener, org.springframework.boot.test.autoconfigure.web.servlet.MockMvcPrintOnlyOnFailureTestExecutionListener, org.springframework.boot.test.autoconfigure.web.servlet.WebDriverTestExecutionListener, org.springframework.test.context.web.ServletTestExecutionListener, org.springframework.test.context.support.DirtiesContextBeforeModesTestExecutionListener, org.springframework.test.context.support.DependencyInjectionTestExecutionListener, org.springframework.test.context.support.DirtiesContextTestExecutionListener, org.springframework.test.context.transaction.TransactionalTestExecutionListener, org.springframework.test.context.jdbc.SqlScriptsTestExecutionListener]
16:38:05.506 [main] INFO  o.s.b.t.c.SpringBootTestContextBootstrapper - Using TestExecutionListeners: [org.springframework.test.context.web.ServletTestExecutionListener@3e84448c, org.springframework.test.context.support.DirtiesContextBeforeModesTestExecutionListener@4a7f959b, org.springframework.boot.test.mock.mockito.MockitoTestExecutionListener@429bffaa, org.springframework.boot.test.autoconfigure.SpringBootDependencyInjectionTestExecutionListener@5403f35f, org.springframework.test.context.support.DirtiesContextTestExecutionListener@483f6d77, org.springframework.test.context.transaction.TransactionalTestExecutionListener@7e5afaa6, org.springframework.test.context.jdbc.SqlScriptsTestExecutionListener@63a12c68, org.springframework.boot.test.mock.mockito.ResetMocksTestExecutionListener@28f3b248, org.springframework.boot.test.autoconfigure.restdocs.RestDocsTestExecutionListener@1b1426f4, org.springframework.boot.test.autoconfigure.web.client.MockRestServiceServerResetTestExecutionListener@32b260fa, org.springframework.boot.test.autoconfigure.web.servlet.MockMvcPrintOnlyOnFailureTestExecutionListener@581ac8a8, org.springframework.boot.test.autoconfigure.web.servlet.WebDriverTestExecutionListener@6d4e5011]
16:38:06.266 [main] INFO  c.t.d.SpringBootMysqldbApplicationTests - Starting SpringBootMysqldbApplicationTests on DESKTOP-HGHKDQH with PID 11888 (started by sofia in C:\Users\sofia\git\spring-boot-mysql-example)
16:38:06.266 [main] INFO  c.t.d.SpringBootMysqldbApplicationTests - No active profile set, falling back to default profiles: default
16:38:06.345 [main] INFO  o.s.w.c.s.GenericWebApplicationContext - Refreshing org.springframework.web.context.support.GenericWebApplicationContext@3b79fd76: startup date [Tue Apr 09 16:38:06 BST 2019]; root of context hierarchy
16:38:07.882 [main] INFO  o.s.d.r.c.RepositoryConfigurationDelegate - Multiple Spring Data modules found, entering strict repository configuration mode!
16:38:08.945 [main] INFO  o.s.d.r.c.RepositoryConfigurationDelegate - Multiple Spring Data modules found, entering strict repository configuration mode!
16:38:08.961 [main] INFO  o.s.d.r.c.RepositoryConfigurationExtensionSupport - Spring Data MongoDB - Could not safely identify store assignment for repository candidate interface com.techprimers.db.repository.BioeconomicsMetabolitePriceRepository.
16:38:08.961 [main] INFO  o.s.d.r.c.RepositoryConfigurationExtensionSupport - Spring Data MongoDB - Could not safely identify store assignment for repository candidate interface com.techprimers.db.repository.BioeconomicsMetaboliteRepository.
16:38:08.976 [main] INFO  o.s.d.r.c.RepositoryConfigurationExtensionSupport - Spring Data MongoDB - Could not safely identify store assignment for repository candidate interface com.techprimers.db.repository.ExternalSourceIdRepository.
16:38:08.976 [main] INFO  o.s.d.r.c.RepositoryConfigurationExtensionSupport - Spring Data MongoDB - Could not safely identify store assignment for repository candidate interface com.techprimers.db.repository.MetaboliteNameRepository.
16:38:08.976 [main] INFO  o.s.d.r.c.RepositoryConfigurationExtensionSupport - Spring Data MongoDB - Could not safely identify store assignment for repository candidate interface com.techprimers.db.repository.ProviderRepository.
16:38:10.228 [main] INFO  o.s.c.s.PostProcessorRegistrationDelegate$BeanPostProcessorChecker - Bean 'org.springframework.transaction.annotation.ProxyTransactionManagementConfiguration' of type [org.springframework.transaction.annotation.ProxyTransactionManagementConfiguration$$EnhancerBySpringCGLIB$$62fdd84c] is not eligible for getting processed by all BeanPostProcessors (for example: not eligible for auto-proxying)
16:38:11.304 [main] INFO  com.zaxxer.hikari.HikariDataSource - HikariPool-1 - Starting...
16:38:11.709 [main] INFO  com.zaxxer.hikari.HikariDataSource - HikariPool-1 - Start completed.
16:38:11.802 [main] INFO  o.s.o.j.LocalContainerEntityManagerFactoryBean - Building JPA container EntityManagerFactory for persistence unit 'default'
16:38:12.130 [main] INFO  org.hibernate.Version - HHH000412: Hibernate Core {5.2.17.Final}
16:38:12.136 [main] INFO  org.hibernate.cfg.Environment - HHH000206: hibernate.properties not found
16:38:12.242 [main] INFO  o.h.annotations.common.Version - HCANN000001: Hibernate Commons Annotations {5.0.1.Final}
16:38:12.524 [main] INFO  org.hibernate.dialect.Dialect - HHH000400: Using dialect: org.hibernate.dialect.MySQL5InnoDBDialect
16:38:13.662 [main] INFO  org.hibernate.search.engine.Version - HSEARCH000034: Hibernate Search 5.6.0.Final
16:38:13.787 [main] INFO  org.hibernate.tuple.PojoInstantiator - HHH000182: No default (no-argument) constructor for class: com.techprimers.db.model.ExternalSource (class must be instantiated by Interceptor)
16:38:21.604 [main] INFO  o.s.o.j.LocalContainerEntityManagerFactoryBean - Initialized JPA EntityManagerFactory for persistence unit 'default'
16:38:23.005 [main] INFO  o.s.w.s.h.SimpleUrlHandlerMapping - Mapped URL path [/**/favicon.ico] onto handler of type [class org.springframework.web.servlet.resource.ResourceHttpRequestHandler]
16:38:23.734 [main] INFO  o.s.w.s.m.m.a.RequestMappingHandlerAdapter - Looking for @ControllerAdvice: org.springframework.web.context.support.GenericWebApplicationContext@3b79fd76: startup date [Tue Apr 09 16:38:06 BST 2019]; root of context hierarchy
16:38:23.921 [main] INFO  o.s.w.s.m.m.a.RequestMappingHandlerMapping - Mapped "{[/rest/bioeconomicsMetabolitePrice/all],methods=[GET]}" onto public java.util.List<com.techprimers.db.model.BioeconomicsMetabolitePrice> com.techprimers.db.resource.BioeconomicsMetabolitePriceResource.getAll()
16:38:23.921 [main] INFO  o.s.w.s.m.m.a.RequestMappingHandlerMapping - Mapped "{[/rest/bioeconomicsMetabolitePrice/load],methods=[POST]}" onto public java.util.List<com.techprimers.db.model.BioeconomicsMetabolitePrice> com.techprimers.db.resource.BioeconomicsMetabolitePriceResource.persist(com.techprimers.db.model.BioeconomicsMetabolitePrice)
16:38:23.921 [main] INFO  o.s.w.s.m.m.a.RequestMappingHandlerMapping - Mapped "{[/rest/bioeconomicsMetabolite/all],methods=[GET]}" onto public java.util.List<com.techprimers.db.model.BioanalysisMetabolite> com.techprimers.db.resource.BioeconomicsMetaboliteResource.getAll()
16:38:23.921 [main] INFO  o.s.w.s.m.m.a.RequestMappingHandlerMapping - Mapped "{[/rest/bioeconomicsMetabolite/load],methods=[POST]}" onto public java.util.List<com.techprimers.db.model.BioanalysisMetabolite> com.techprimers.db.resource.BioeconomicsMetaboliteResource.persist(com.techprimers.db.model.BioanalysisMetabolite)
16:38:23.921 [main] INFO  o.s.w.s.m.m.a.RequestMappingHandlerMapping - Mapped "{[/rest/externalSourcesIds/all],methods=[GET]}" onto public java.util.List<com.techprimers.db.model.ExternalSourceId> com.techprimers.db.resource.ExternalSourceIdResource.getAll()
16:38:23.921 [main] INFO  o.s.w.s.m.m.a.RequestMappingHandlerMapping - Mapped "{[/rest/externalSourcesIds/load],methods=[POST]}" onto public java.util.List<com.techprimers.db.model.ExternalSourceId> com.techprimers.db.resource.ExternalSourceIdResource.persist(com.techprimers.db.model.ExternalSourceId)
16:38:23.921 [main] INFO  o.s.w.s.m.m.a.RequestMappingHandlerMapping - Mapped "{[/rest/metaboliteName/all],methods=[GET]}" onto public java.util.List<com.techprimers.db.model.MetaboliteName> com.techprimers.db.resource.MetaboliteNameResource.getAll()
16:38:23.921 [main] INFO  o.s.w.s.m.m.a.RequestMappingHandlerMapping - Mapped "{[/rest/metaboliteName/load],methods=[POST]}" onto public java.util.List<com.techprimers.db.model.MetaboliteName> com.techprimers.db.resource.MetaboliteNameResource.persist(com.techprimers.db.model.MetaboliteName)
16:38:23.921 [main] INFO  o.s.w.s.m.m.a.RequestMappingHandlerMapping - Mapped "{[/rest/provider/all],methods=[GET]}" onto public java.util.List<com.techprimers.db.model.Provider> com.techprimers.db.resource.ProviderResource.getAll()
16:38:23.921 [main] INFO  o.s.w.s.m.m.a.RequestMappingHandlerMapping - Mapped "{[/rest/provider/load],methods=[POST]}" onto public java.util.List<com.techprimers.db.model.Provider> com.techprimers.db.resource.ProviderResource.persist(com.techprimers.db.model.Provider)
16:38:23.921 [main] INFO  o.s.w.s.m.m.a.RequestMappingHandlerMapping - Mapped "{[/test/t],methods=[GET]}" onto public java.lang.Double com.techprimers.db.resource.Test.stats()
16:38:23.937 [main] INFO  o.s.w.s.m.m.a.RequestMappingHandlerMapping - Mapped "{[/error]}" onto public org.springframework.http.ResponseEntity<java.util.Map<java.lang.String, java.lang.Object>> org.springframework.boot.autoconfigure.web.servlet.error.BasicErrorController.error(javax.servlet.http.HttpServletRequest)
16:38:23.937 [main] INFO  o.s.w.s.m.m.a.RequestMappingHandlerMapping - Mapped "{[/error],produces=[text/html]}" onto public org.springframework.web.servlet.ModelAndView org.springframework.boot.autoconfigure.web.servlet.error.BasicErrorController.errorHtml(javax.servlet.http.HttpServletRequest,javax.servlet.http.HttpServletResponse)
16:38:24.015 [main] INFO  o.s.w.s.h.SimpleUrlHandlerMapping - Mapped URL path [/webjars/**] onto handler of type [class org.springframework.web.servlet.resource.ResourceHttpRequestHandler]
16:38:24.015 [main] INFO  o.s.w.s.h.SimpleUrlHandlerMapping - Mapped URL path [/**] onto handler of type [class org.springframework.web.servlet.resource.ResourceHttpRequestHandler]
16:38:25.977 [main] INFO  org.mongodb.driver.cluster - Cluster created with settings {hosts=[localhost:27017], mode=MULTIPLE, requiredClusterType=UNKNOWN, serverSelectionTimeout='30000 ms', maxWaitQueueSize=500}
16:38:25.977 [main] INFO  org.mongodb.driver.cluster - Adding discovered server localhost:27017 to client view of cluster
16:38:27.067 [cluster-ClusterId{value='5cacbc7111c00b2e70a627fd', description='null'}-localhost:27017] INFO  org.mongodb.driver.cluster - Exception in monitor thread while connecting to server localhost:27017
com.mongodb.MongoSocketOpenException: Exception opening socket
	at com.mongodb.connection.SocketStream.open(SocketStream.java:62)
	at com.mongodb.connection.InternalStreamConnection.open(InternalStreamConnection.java:126)
	at com.mongodb.connection.DefaultServerMonitor$ServerMonitorRunnable.run(DefaultServerMonitor.java:114)
	at java.lang.Thread.run(Unknown Source)
Caused by: java.net.ConnectException: Connection refused: connect
	at java.net.DualStackPlainSocketImpl.waitForConnect(Native Method)
	at java.net.DualStackPlainSocketImpl.socketConnect(Unknown Source)
	at java.net.AbstractPlainSocketImpl.doConnect(Unknown Source)
	at java.net.AbstractPlainSocketImpl.connectToAddress(Unknown Source)
	at java.net.AbstractPlainSocketImpl.connect(Unknown Source)
	at java.net.PlainSocketImpl.connect(Unknown Source)
	at java.net.SocksSocketImpl.connect(Unknown Source)
	at java.net.Socket.connect(Unknown Source)
	at com.mongodb.connection.SocketStreamHelper.initialize(SocketStreamHelper.java:59)
	at com.mongodb.connection.SocketStream.open(SocketStream.java:57)
	... 3 common frames omitted
16:38:27.957 [main] INFO  o.s.b.a.e.web.EndpointLinksResolver - Exposing 2 endpoint(s) beneath base path '/actuator'
16:38:28.004 [main] INFO  o.s.b.a.e.w.s.WebMvcEndpointHandlerMapping - Mapped "{[/actuator/health],methods=[GET],produces=[application/vnd.spring-boot.actuator.v2+json || application/json]}" onto public java.lang.Object org.springframework.boot.actuate.endpoint.web.servlet.AbstractWebMvcEndpointHandlerMapping$OperationHandler.handle(javax.servlet.http.HttpServletRequest,java.util.Map<java.lang.String, java.lang.String>)
16:38:28.004 [main] INFO  o.s.b.a.e.w.s.WebMvcEndpointHandlerMapping - Mapped "{[/actuator/info],methods=[GET],produces=[application/vnd.spring-boot.actuator.v2+json || application/json]}" onto public java.lang.Object org.springframework.boot.actuate.endpoint.web.servlet.AbstractWebMvcEndpointHandlerMapping$OperationHandler.handle(javax.servlet.http.HttpServletRequest,java.util.Map<java.lang.String, java.lang.String>)
16:38:28.004 [main] INFO  o.s.b.a.e.w.s.WebMvcEndpointHandlerMapping - Mapped "{[/actuator],methods=[GET],produces=[application/vnd.spring-boot.actuator.v2+json || application/json]}" onto protected java.util.Map<java.lang.String, java.util.Map<java.lang.String, org.springframework.boot.actuate.endpoint.web.Link>> org.springframework.boot.actuate.endpoint.web.servlet.WebMvcEndpointHandlerMapping.links(javax.servlet.http.HttpServletRequest,javax.servlet.http.HttpServletResponse)
16:38:28.161 [main] INFO  c.t.d.SpringBootMysqldbApplicationTests - Started SpringBootMysqldbApplicationTests in 22.545 seconds (JVM running for 24.554)
16:38:28.891 [Thread-4] INFO  o.s.w.c.s.GenericWebApplicationContext - Closing org.springframework.web.context.support.GenericWebApplicationContext@3b79fd76: startup date [Tue Apr 09 16:38:06 BST 2019]; root of context hierarchy
16:38:28.938 [Thread-4] INFO  o.s.o.j.LocalContainerEntityManagerFactoryBean - Closing JPA EntityManagerFactory for persistence unit 'default'
16:38:28.938 [Thread-4] INFO  com.zaxxer.hikari.HikariDataSource - HikariPool-1 - Shutdown initiated...
16:38:28.969 [Thread-4] INFO  com.zaxxer.hikari.HikariDataSource - HikariPool-1 - Shutdown completed.
