23:03:33.687 [main] INFO  o.s.b.t.c.SpringBootTestContextBootstrapper - Neither @ContextConfiguration nor @ContextHierarchy found for test class [com.techprimers.db.SpringBootMysqldbApplicationTests], using SpringBootContextLoader
23:03:34.037 [main] INFO  o.s.t.c.s.AbstractContextLoader - Could not detect default resource locations for test class [com.techprimers.db.SpringBootMysqldbApplicationTests]: no resource found for suffixes {-context.xml, Context.groovy}.
23:03:34.039 [main] INFO  o.s.t.c.s.AnnotationConfigContextLoaderUtils - Could not detect default configuration classes for test class [com.techprimers.db.SpringBootMysqldbApplicationTests]: SpringBootMysqldbApplicationTests does not declare any static, non-private, non-final, nested classes annotated with @Configuration.
23:03:37.366 [main] INFO  o.s.b.t.c.SpringBootTestContextBootstrapper - Found @SpringBootConfiguration com.techprimers.db.SpringBootMysqldbApplication for test class com.techprimers.db.SpringBootMysqldbApplicationTests
23:03:40.648 [main] INFO  o.s.b.t.c.SpringBootTestContextBootstrapper - Loaded default TestExecutionListener class names from location [META-INF/spring.factories]: [org.springframework.boot.test.mock.mockito.MockitoTestExecutionListener, org.springframework.boot.test.mock.mockito.ResetMocksTestExecutionListener, org.springframework.boot.test.autoconfigure.restdocs.RestDocsTestExecutionListener, org.springframework.boot.test.autoconfigure.web.client.MockRestServiceServerResetTestExecutionListener, org.springframework.boot.test.autoconfigure.web.servlet.MockMvcPrintOnlyOnFailureTestExecutionListener, org.springframework.boot.test.autoconfigure.web.servlet.WebDriverTestExecutionListener, org.springframework.test.context.web.ServletTestExecutionListener, org.springframework.test.context.support.DirtiesContextBeforeModesTestExecutionListener, org.springframework.test.context.support.DependencyInjectionTestExecutionListener, org.springframework.test.context.support.DirtiesContextTestExecutionListener, org.springframework.test.context.transaction.TransactionalTestExecutionListener, org.springframework.test.context.jdbc.SqlScriptsTestExecutionListener]
23:03:40.848 [main] INFO  o.s.b.t.c.SpringBootTestContextBootstrapper - Using TestExecutionListeners: [org.springframework.test.context.web.ServletTestExecutionListener@4a7f959b, org.springframework.test.context.support.DirtiesContextBeforeModesTestExecutionListener@429bffaa, org.springframework.boot.test.mock.mockito.MockitoTestExecutionListener@5403f35f, org.springframework.boot.test.autoconfigure.SpringBootDependencyInjectionTestExecutionListener@483f6d77, org.springframework.test.context.support.DirtiesContextTestExecutionListener@7e5afaa6, org.springframework.test.context.transaction.TransactionalTestExecutionListener@63a12c68, org.springframework.test.context.jdbc.SqlScriptsTestExecutionListener@28f3b248, org.springframework.boot.test.mock.mockito.ResetMocksTestExecutionListener@1b1426f4, org.springframework.boot.test.autoconfigure.restdocs.RestDocsTestExecutionListener@32b260fa, org.springframework.boot.test.autoconfigure.web.client.MockRestServiceServerResetTestExecutionListener@581ac8a8, org.springframework.boot.test.autoconfigure.web.servlet.MockMvcPrintOnlyOnFailureTestExecutionListener@6d4e5011, org.springframework.boot.test.autoconfigure.web.servlet.WebDriverTestExecutionListener@57d7f8ca]
23:03:46.025 [main] INFO  c.t.d.SpringBootMysqldbApplicationTests - Starting SpringBootMysqldbApplicationTests on DESKTOP-HGHKDQH with PID 13320 (started by sofia in C:\Users\sofia\git\spring-boot-mysql-example)
23:03:46.026 [main] INFO  c.t.d.SpringBootMysqldbApplicationTests - No active profile set, falling back to default profiles: default
23:03:46.649 [main] INFO  o.s.w.c.s.GenericWebApplicationContext - Refreshing org.springframework.web.context.support.GenericWebApplicationContext@43599640: startup date [Mon Apr 15 23:03:46 BST 2019]; root of context hierarchy
23:03:57.088 [main] INFO  o.s.d.r.c.RepositoryConfigurationDelegate - Multiple Spring Data modules found, entering strict repository configuration mode!
23:04:02.606 [main] INFO  o.s.d.r.c.RepositoryConfigurationDelegate - Multiple Spring Data modules found, entering strict repository configuration mode!
23:04:02.637 [main] INFO  o.s.d.r.c.RepositoryConfigurationExtensionSupport - Spring Data MongoDB - Could not safely identify store assignment for repository candidate interface com.techprimers.db.repository.BioanalysisMetabolitePriceRepository.
23:04:02.650 [main] INFO  o.s.d.r.c.RepositoryConfigurationExtensionSupport - Spring Data MongoDB - Could not safely identify store assignment for repository candidate interface com.techprimers.db.repository.BioanalysisMetaboliteRepository.
23:04:02.651 [main] INFO  o.s.d.r.c.RepositoryConfigurationExtensionSupport - Spring Data MongoDB - Could not safely identify store assignment for repository candidate interface com.techprimers.db.repository.ExternalSourceIdRepository.
23:04:02.652 [main] INFO  o.s.d.r.c.RepositoryConfigurationExtensionSupport - Spring Data MongoDB - Could not safely identify store assignment for repository candidate interface com.techprimers.db.repository.MetaboliteNameRepository.
23:04:02.653 [main] INFO  o.s.d.r.c.RepositoryConfigurationExtensionSupport - Spring Data MongoDB - Could not safely identify store assignment for repository candidate interface com.techprimers.db.repository.ProviderRepository.
23:04:04.747 [main] INFO  o.s.c.s.PostProcessorRegistrationDelegate$BeanPostProcessorChecker - Bean 'org.springframework.transaction.annotation.ProxyTransactionManagementConfiguration' of type [org.springframework.transaction.annotation.ProxyTransactionManagementConfiguration$$EnhancerBySpringCGLIB$$373d1eed] is not eligible for getting processed by all BeanPostProcessors (for example: not eligible for auto-proxying)
23:04:07.843 [main] INFO  com.zaxxer.hikari.HikariDataSource - HikariPool-1 - Starting...
23:04:10.341 [main] INFO  com.zaxxer.hikari.HikariDataSource - HikariPool-1 - Start completed.
23:04:10.706 [main] INFO  o.s.o.j.LocalContainerEntityManagerFactoryBean - Building JPA container EntityManagerFactory for persistence unit 'default'
23:04:11.399 [main] INFO  org.hibernate.Version - HHH000412: Hibernate Core {5.2.17.Final}
23:04:11.401 [main] INFO  org.hibernate.cfg.Environment - HHH000206: hibernate.properties not found
23:04:11.795 [main] INFO  o.h.annotations.common.Version - HCANN000001: Hibernate Commons Annotations {5.0.1.Final}
23:04:12.426 [main] INFO  org.hibernate.dialect.Dialect - HHH000400: Using dialect: org.hibernate.dialect.MySQL5InnoDBDialect
23:04:15.390 [main] INFO  org.hibernate.search.engine.Version - HSEARCH000034: Hibernate Search 5.6.0.Final
23:04:15.747 [main] INFO  org.hibernate.tuple.PojoInstantiator - HHH000182: No default (no-argument) constructor for class: com.techprimers.db.model.ExternalSource (class must be instantiated by Interceptor)
23:04:27.183 [main] INFO  o.s.o.j.LocalContainerEntityManagerFactoryBean - Initialized JPA EntityManagerFactory for persistence unit 'default'
23:04:31.097 [main] INFO  o.s.w.s.h.SimpleUrlHandlerMapping - Mapped URL path [/**/favicon.ico] onto handler of type [class org.springframework.web.servlet.resource.ResourceHttpRequestHandler]
23:04:33.888 [main] INFO  o.s.w.s.m.m.a.RequestMappingHandlerAdapter - Looking for @ControllerAdvice: org.springframework.web.context.support.GenericWebApplicationContext@43599640: startup date [Mon Apr 15 23:03:46 BST 2019]; root of context hierarchy
23:04:34.159 [main] INFO  o.s.w.s.m.m.a.RequestMappingHandlerMapping - Mapped "{[/rest/bioeconomicsMetabolitePrice/all],methods=[GET]}" onto public java.util.List<com.techprimers.db.model.BioanalysisMetabolitePrice> com.techprimers.db.resource.BioanalysisMetabolitePriceResource.getAll()
23:04:34.160 [main] INFO  o.s.w.s.m.m.a.RequestMappingHandlerMapping - Mapped "{[/rest/bioeconomicsMetabolitePrice/load],methods=[POST]}" onto public java.util.List<com.techprimers.db.model.BioanalysisMetabolitePrice> com.techprimers.db.resource.BioanalysisMetabolitePriceResource.persist(com.techprimers.db.model.BioanalysisMetabolitePrice)
23:04:34.161 [main] INFO  o.s.w.s.m.m.a.RequestMappingHandlerMapping - Mapped "{[/rest/bioeconomicsMetabolite/all],methods=[GET]}" onto public java.util.List<com.techprimers.db.model.BioanalysisMetabolite> com.techprimers.db.resource.BioanalysisMetaboliteResource.getAll()
23:04:34.162 [main] INFO  o.s.w.s.m.m.a.RequestMappingHandlerMapping - Mapped "{[/rest/bioeconomicsMetabolite/load],methods=[POST]}" onto public java.util.List<com.techprimers.db.model.BioanalysisMetabolite> com.techprimers.db.resource.BioanalysisMetaboliteResource.persist(com.techprimers.db.model.BioanalysisMetabolite)
23:04:34.164 [main] INFO  o.s.w.s.m.m.a.RequestMappingHandlerMapping - Mapped "{[/rest/externalSourcesIds/all],methods=[GET]}" onto public java.util.List<com.techprimers.db.model.ExternalSourceId> com.techprimers.db.resource.ExternalSourceIdResource.getAll()
23:04:34.164 [main] INFO  o.s.w.s.m.m.a.RequestMappingHandlerMapping - Mapped "{[/rest/externalSourcesIds/load],methods=[POST]}" onto public java.util.List<com.techprimers.db.model.ExternalSourceId> com.techprimers.db.resource.ExternalSourceIdResource.persist(com.techprimers.db.model.ExternalSourceId)
23:04:34.166 [main] INFO  o.s.w.s.m.m.a.RequestMappingHandlerMapping - Mapped "{[/rest/metaboliteName/all],methods=[GET]}" onto public java.util.List<com.techprimers.db.model.MetaboliteName> com.techprimers.db.resource.MetaboliteNameResource.getAll()
23:04:34.166 [main] INFO  o.s.w.s.m.m.a.RequestMappingHandlerMapping - Mapped "{[/rest/metaboliteName/load],methods=[POST]}" onto public java.util.List<com.techprimers.db.model.MetaboliteName> com.techprimers.db.resource.MetaboliteNameResource.persist(com.techprimers.db.model.MetaboliteName)
23:04:34.176 [main] INFO  o.s.w.s.m.m.a.RequestMappingHandlerMapping - Mapped "{[/rest/provider/all],methods=[GET]}" onto public java.util.List<com.techprimers.db.model.Provider> com.techprimers.db.resource.ProviderResource.getAll()
23:04:34.180 [main] INFO  o.s.w.s.m.m.a.RequestMappingHandlerMapping - Mapped "{[/rest/provider/load],methods=[POST]}" onto public java.util.List<com.techprimers.db.model.Provider> com.techprimers.db.resource.ProviderResource.persist(com.techprimers.db.model.Provider)
23:04:34.181 [main] INFO  o.s.w.s.m.m.a.RequestMappingHandlerMapping - Mapped "{[/test/t],methods=[GET]}" onto public java.lang.Double com.techprimers.db.resource.Test.stats()
23:04:34.185 [main] INFO  o.s.w.s.m.m.a.RequestMappingHandlerMapping - Mapped "{[/error]}" onto public org.springframework.http.ResponseEntity<java.util.Map<java.lang.String, java.lang.Object>> org.springframework.boot.autoconfigure.web.servlet.error.BasicErrorController.error(javax.servlet.http.HttpServletRequest)
23:04:34.186 [main] INFO  o.s.w.s.m.m.a.RequestMappingHandlerMapping - Mapped "{[/error],produces=[text/html]}" onto public org.springframework.web.servlet.ModelAndView org.springframework.boot.autoconfigure.web.servlet.error.BasicErrorController.errorHtml(javax.servlet.http.HttpServletRequest,javax.servlet.http.HttpServletResponse)
23:04:34.336 [main] INFO  o.s.w.s.h.SimpleUrlHandlerMapping - Mapped URL path [/webjars/**] onto handler of type [class org.springframework.web.servlet.resource.ResourceHttpRequestHandler]
23:04:34.336 [main] INFO  o.s.w.s.h.SimpleUrlHandlerMapping - Mapped URL path [/**] onto handler of type [class org.springframework.web.servlet.resource.ResourceHttpRequestHandler]
23:04:44.434 [main] INFO  org.mongodb.driver.cluster - Cluster created with settings {hosts=[localhost:27017], mode=MULTIPLE, requiredClusterType=UNKNOWN, serverSelectionTimeout='30000 ms', maxWaitQueueSize=500}
23:04:44.435 [main] INFO  org.mongodb.driver.cluster - Adding discovered server localhost:27017 to client view of cluster
23:04:46.673 [cluster-ClusterId{value='5cb4fffc6287b13408e023e7', description='null'}-localhost:27017] INFO  org.mongodb.driver.cluster - Exception in monitor thread while connecting to server localhost:27017
com.mongodb.MongoSocketOpenException: Exception opening socket
	at com.mongodb.connection.SocketStream.open(SocketStream.java:62)
	at com.mongodb.connection.InternalStreamConnection.open(InternalStreamConnection.java:126)
	at com.mongodb.connection.DefaultServerMonitor$ServerMonitorRunnable.run(DefaultServerMonitor.java:114)
	at java.lang.Thread.run(Unknown Source)
Caused by: java.net.ConnectException: Connection refused: connect
	at java.net.DualStackPlainSocketImpl.waitForConnect(Native Method)
	at java.net.DualStackPlainSocketImpl.socketConnect(Unknown Source)
	at java.net.AbstractPlainSocketImpl.doConnect(Unknown Source)
	at java.net.AbstractPlainSocketImpl.connectToAddress(Unknown Source)
	at java.net.AbstractPlainSocketImpl.connect(Unknown Source)
	at java.net.PlainSocketImpl.connect(Unknown Source)
	at java.net.SocksSocketImpl.connect(Unknown Source)
	at java.net.Socket.connect(Unknown Source)
	at com.mongodb.connection.SocketStreamHelper.initialize(SocketStreamHelper.java:59)
	at com.mongodb.connection.SocketStream.open(SocketStream.java:57)
	... 3 common frames omitted
23:04:54.903 [main] INFO  o.s.b.a.e.web.EndpointLinksResolver - Exposing 2 endpoint(s) beneath base path '/actuator'
23:04:54.945 [main] INFO  o.s.b.a.e.w.s.WebMvcEndpointHandlerMapping - Mapped "{[/actuator/health],methods=[GET],produces=[application/vnd.spring-boot.actuator.v2+json || application/json]}" onto public java.lang.Object org.springframework.boot.actuate.endpoint.web.servlet.AbstractWebMvcEndpointHandlerMapping$OperationHandler.handle(javax.servlet.http.HttpServletRequest,java.util.Map<java.lang.String, java.lang.String>)
23:04:54.950 [main] INFO  o.s.b.a.e.w.s.WebMvcEndpointHandlerMapping - Mapped "{[/actuator/info],methods=[GET],produces=[application/vnd.spring-boot.actuator.v2+json || application/json]}" onto public java.lang.Object org.springframework.boot.actuate.endpoint.web.servlet.AbstractWebMvcEndpointHandlerMapping$OperationHandler.handle(javax.servlet.http.HttpServletRequest,java.util.Map<java.lang.String, java.lang.String>)
23:04:54.951 [main] INFO  o.s.b.a.e.w.s.WebMvcEndpointHandlerMapping - Mapped "{[/actuator],methods=[GET],produces=[application/vnd.spring-boot.actuator.v2+json || application/json]}" onto protected java.util.Map<java.lang.String, java.util.Map<java.lang.String, org.springframework.boot.actuate.endpoint.web.Link>> org.springframework.boot.actuate.endpoint.web.servlet.WebMvcEndpointHandlerMapping.links(javax.servlet.http.HttpServletRequest,javax.servlet.http.HttpServletResponse)
23:04:55.168 [main] INFO  c.t.d.SpringBootMysqldbApplicationTests - Started SpringBootMysqldbApplicationTests in 73.341 seconds (JVM running for 97.853)
23:04:58.640 [Thread-4] INFO  o.s.w.c.s.GenericWebApplicationContext - Closing org.springframework.web.context.support.GenericWebApplicationContext@43599640: startup date [Mon Apr 15 23:03:46 BST 2019]; root of context hierarchy
23:04:58.664 [Thread-4] INFO  o.s.o.j.LocalContainerEntityManagerFactoryBean - Closing JPA EntityManagerFactory for persistence unit 'default'
23:04:58.669 [Thread-4] INFO  com.zaxxer.hikari.HikariDataSource - HikariPool-1 - Shutdown initiated...
23:04:58.685 [Thread-4] INFO  com.zaxxer.hikari.HikariDataSource - HikariPool-1 - Shutdown completed.
23:05:27.850 [main] INFO  o.s.b.t.c.SpringBootTestContextBootstrapper - Neither @ContextConfiguration nor @ContextHierarchy found for test class [com.techprimers.db.SpringBootMysqldbApplicationTests], using SpringBootContextLoader
23:05:27.928 [main] INFO  o.s.t.c.s.AbstractContextLoader - Could not detect default resource locations for test class [com.techprimers.db.SpringBootMysqldbApplicationTests]: no resource found for suffixes {-context.xml, Context.groovy}.
23:05:27.930 [main] INFO  o.s.t.c.s.AnnotationConfigContextLoaderUtils - Could not detect default configuration classes for test class [com.techprimers.db.SpringBootMysqldbApplicationTests]: SpringBootMysqldbApplicationTests does not declare any static, non-private, non-final, nested classes annotated with @Configuration.
23:05:28.272 [main] INFO  o.s.b.t.c.SpringBootTestContextBootstrapper - Found @SpringBootConfiguration com.techprimers.db.SpringBootMysqldbApplication for test class com.techprimers.db.SpringBootMysqldbApplicationTests
23:05:28.595 [main] INFO  o.s.b.t.c.SpringBootTestContextBootstrapper - Loaded default TestExecutionListener class names from location [META-INF/spring.factories]: [org.springframework.boot.test.mock.mockito.MockitoTestExecutionListener, org.springframework.boot.test.mock.mockito.ResetMocksTestExecutionListener, org.springframework.boot.test.autoconfigure.restdocs.RestDocsTestExecutionListener, org.springframework.boot.test.autoconfigure.web.client.MockRestServiceServerResetTestExecutionListener, org.springframework.boot.test.autoconfigure.web.servlet.MockMvcPrintOnlyOnFailureTestExecutionListener, org.springframework.boot.test.autoconfigure.web.servlet.WebDriverTestExecutionListener, org.springframework.test.context.web.ServletTestExecutionListener, org.springframework.test.context.support.DirtiesContextBeforeModesTestExecutionListener, org.springframework.test.context.support.DependencyInjectionTestExecutionListener, org.springframework.test.context.support.DirtiesContextTestExecutionListener, org.springframework.test.context.transaction.TransactionalTestExecutionListener, org.springframework.test.context.jdbc.SqlScriptsTestExecutionListener]
23:05:28.618 [main] INFO  o.s.b.t.c.SpringBootTestContextBootstrapper - Using TestExecutionListeners: [org.springframework.test.context.web.ServletTestExecutionListener@4a7f959b, org.springframework.test.context.support.DirtiesContextBeforeModesTestExecutionListener@429bffaa, org.springframework.boot.test.mock.mockito.MockitoTestExecutionListener@5403f35f, org.springframework.boot.test.autoconfigure.SpringBootDependencyInjectionTestExecutionListener@483f6d77, org.springframework.test.context.support.DirtiesContextTestExecutionListener@7e5afaa6, org.springframework.test.context.transaction.TransactionalTestExecutionListener@63a12c68, org.springframework.test.context.jdbc.SqlScriptsTestExecutionListener@28f3b248, org.springframework.boot.test.mock.mockito.ResetMocksTestExecutionListener@1b1426f4, org.springframework.boot.test.autoconfigure.restdocs.RestDocsTestExecutionListener@32b260fa, org.springframework.boot.test.autoconfigure.web.client.MockRestServiceServerResetTestExecutionListener@581ac8a8, org.springframework.boot.test.autoconfigure.web.servlet.MockMvcPrintOnlyOnFailureTestExecutionListener@6d4e5011, org.springframework.boot.test.autoconfigure.web.servlet.WebDriverTestExecutionListener@57d7f8ca]
23:05:29.511 [main] INFO  c.t.d.SpringBootMysqldbApplicationTests - Starting SpringBootMysqldbApplicationTests on DESKTOP-HGHKDQH with PID 1912 (started by sofia in C:\Users\sofia\git\spring-boot-mysql-example)
23:05:29.514 [main] INFO  c.t.d.SpringBootMysqldbApplicationTests - No active profile set, falling back to default profiles: default
23:05:29.647 [main] INFO  o.s.w.c.s.GenericWebApplicationContext - Refreshing org.springframework.web.context.support.GenericWebApplicationContext@43599640: startup date [Mon Apr 15 23:05:29 BST 2019]; root of context hierarchy
23:05:31.789 [main] INFO  o.s.d.r.c.RepositoryConfigurationDelegate - Multiple Spring Data modules found, entering strict repository configuration mode!
23:05:33.764 [main] INFO  o.s.d.r.c.RepositoryConfigurationDelegate - Multiple Spring Data modules found, entering strict repository configuration mode!
23:05:33.792 [main] INFO  o.s.d.r.c.RepositoryConfigurationExtensionSupport - Spring Data MongoDB - Could not safely identify store assignment for repository candidate interface com.techprimers.db.repository.BioanalysisMetabolitePriceRepository.
23:05:33.797 [main] INFO  o.s.d.r.c.RepositoryConfigurationExtensionSupport - Spring Data MongoDB - Could not safely identify store assignment for repository candidate interface com.techprimers.db.repository.BioanalysisMetaboliteRepository.
23:05:33.799 [main] INFO  o.s.d.r.c.RepositoryConfigurationExtensionSupport - Spring Data MongoDB - Could not safely identify store assignment for repository candidate interface com.techprimers.db.repository.ExternalSourceIdRepository.
23:05:33.801 [main] INFO  o.s.d.r.c.RepositoryConfigurationExtensionSupport - Spring Data MongoDB - Could not safely identify store assignment for repository candidate interface com.techprimers.db.repository.MetaboliteNameRepository.
23:05:33.802 [main] INFO  o.s.d.r.c.RepositoryConfigurationExtensionSupport - Spring Data MongoDB - Could not safely identify store assignment for repository candidate interface com.techprimers.db.repository.ProviderRepository.
23:05:35.568 [main] INFO  o.s.c.s.PostProcessorRegistrationDelegate$BeanPostProcessorChecker - Bean 'org.springframework.transaction.annotation.ProxyTransactionManagementConfiguration' of type [org.springframework.transaction.annotation.ProxyTransactionManagementConfiguration$$EnhancerBySpringCGLIB$$d70aea31] is not eligible for getting processed by all BeanPostProcessors (for example: not eligible for auto-proxying)
23:05:36.799 [main] INFO  com.zaxxer.hikari.HikariDataSource - HikariPool-1 - Starting...
23:05:37.607 [main] INFO  com.zaxxer.hikari.HikariDataSource - HikariPool-1 - Start completed.
23:05:37.755 [main] INFO  o.s.o.j.LocalContainerEntityManagerFactoryBean - Building JPA container EntityManagerFactory for persistence unit 'default'
23:05:38.060 [main] INFO  org.hibernate.Version - HHH000412: Hibernate Core {5.2.17.Final}
23:05:38.064 [main] INFO  org.hibernate.cfg.Environment - HHH000206: hibernate.properties not found
23:05:38.218 [main] INFO  o.h.annotations.common.Version - HCANN000001: Hibernate Commons Annotations {5.0.1.Final}
23:05:38.474 [main] INFO  org.hibernate.dialect.Dialect - HHH000400: Using dialect: org.hibernate.dialect.MySQL5InnoDBDialect
23:05:39.839 [main] INFO  org.hibernate.search.engine.Version - HSEARCH000034: Hibernate Search 5.6.0.Final
23:05:39.988 [main] INFO  org.hibernate.tuple.PojoInstantiator - HHH000182: No default (no-argument) constructor for class: com.techprimers.db.model.ExternalSource (class must be instantiated by Interceptor)
23:05:42.595 [main] INFO  o.s.o.j.LocalContainerEntityManagerFactoryBean - Initialized JPA EntityManagerFactory for persistence unit 'default'
23:05:44.231 [main] INFO  o.s.w.s.h.SimpleUrlHandlerMapping - Mapped URL path [/**/favicon.ico] onto handler of type [class org.springframework.web.servlet.resource.ResourceHttpRequestHandler]
23:05:45.583 [main] INFO  o.s.w.s.m.m.a.RequestMappingHandlerAdapter - Looking for @ControllerAdvice: org.springframework.web.context.support.GenericWebApplicationContext@43599640: startup date [Mon Apr 15 23:05:29 BST 2019]; root of context hierarchy
23:05:45.814 [main] INFO  o.s.w.s.m.m.a.RequestMappingHandlerMapping - Mapped "{[/rest/bioeconomicsMetabolitePrice/all],methods=[GET]}" onto public java.util.List<com.techprimers.db.model.BioanalysisMetabolitePrice> com.techprimers.db.resource.BioanalysisMetabolitePriceResource.getAll()
23:05:45.816 [main] INFO  o.s.w.s.m.m.a.RequestMappingHandlerMapping - Mapped "{[/rest/bioeconomicsMetabolitePrice/load],methods=[POST]}" onto public java.util.List<com.techprimers.db.model.BioanalysisMetabolitePrice> com.techprimers.db.resource.BioanalysisMetabolitePriceResource.persist(com.techprimers.db.model.BioanalysisMetabolitePrice)
23:05:45.818 [main] INFO  o.s.w.s.m.m.a.RequestMappingHandlerMapping - Mapped "{[/rest/bioeconomicsMetabolite/all],methods=[GET]}" onto public java.util.List<com.techprimers.db.model.BioanalysisMetabolite> com.techprimers.db.resource.BioanalysisMetaboliteResource.getAll()
23:05:45.819 [main] INFO  o.s.w.s.m.m.a.RequestMappingHandlerMapping - Mapped "{[/rest/bioeconomicsMetabolite/load],methods=[POST]}" onto public java.util.List<com.techprimers.db.model.BioanalysisMetabolite> com.techprimers.db.resource.BioanalysisMetaboliteResource.persist(com.techprimers.db.model.BioanalysisMetabolite)
23:05:45.821 [main] INFO  o.s.w.s.m.m.a.RequestMappingHandlerMapping - Mapped "{[/rest/externalSourcesIds/all],methods=[GET]}" onto public java.util.List<com.techprimers.db.model.ExternalSourceId> com.techprimers.db.resource.ExternalSourceIdResource.getAll()
23:05:45.826 [main] INFO  o.s.w.s.m.m.a.RequestMappingHandlerMapping - Mapped "{[/rest/externalSourcesIds/load],methods=[POST]}" onto public java.util.List<com.techprimers.db.model.ExternalSourceId> com.techprimers.db.resource.ExternalSourceIdResource.persist(com.techprimers.db.model.ExternalSourceId)
23:05:45.829 [main] INFO  o.s.w.s.m.m.a.RequestMappingHandlerMapping - Mapped "{[/rest/metaboliteName/all],methods=[GET]}" onto public java.util.List<com.techprimers.db.model.MetaboliteName> com.techprimers.db.resource.MetaboliteNameResource.getAll()
23:05:45.829 [main] INFO  o.s.w.s.m.m.a.RequestMappingHandlerMapping - Mapped "{[/rest/metaboliteName/load],methods=[POST]}" onto public java.util.List<com.techprimers.db.model.MetaboliteName> com.techprimers.db.resource.MetaboliteNameResource.persist(com.techprimers.db.model.MetaboliteName)
23:05:45.832 [main] INFO  o.s.w.s.m.m.a.RequestMappingHandlerMapping - Mapped "{[/rest/provider/all],methods=[GET]}" onto public java.util.List<com.techprimers.db.model.Provider> com.techprimers.db.resource.ProviderResource.getAll()
23:05:45.833 [main] INFO  o.s.w.s.m.m.a.RequestMappingHandlerMapping - Mapped "{[/rest/provider/load],methods=[POST]}" onto public java.util.List<com.techprimers.db.model.Provider> com.techprimers.db.resource.ProviderResource.persist(com.techprimers.db.model.Provider)
23:05:45.834 [main] INFO  o.s.w.s.m.m.a.RequestMappingHandlerMapping - Mapped "{[/test/t],methods=[GET]}" onto public java.lang.Double com.techprimers.db.resource.Test.stats()
23:05:45.841 [main] INFO  o.s.w.s.m.m.a.RequestMappingHandlerMapping - Mapped "{[/error]}" onto public org.springframework.http.ResponseEntity<java.util.Map<java.lang.String, java.lang.Object>> org.springframework.boot.autoconfigure.web.servlet.error.BasicErrorController.error(javax.servlet.http.HttpServletRequest)
23:05:45.841 [main] INFO  o.s.w.s.m.m.a.RequestMappingHandlerMapping - Mapped "{[/error],produces=[text/html]}" onto public org.springframework.web.servlet.ModelAndView org.springframework.boot.autoconfigure.web.servlet.error.BasicErrorController.errorHtml(javax.servlet.http.HttpServletRequest,javax.servlet.http.HttpServletResponse)
23:05:45.946 [main] INFO  o.s.w.s.h.SimpleUrlHandlerMapping - Mapped URL path [/webjars/**] onto handler of type [class org.springframework.web.servlet.resource.ResourceHttpRequestHandler]
23:05:45.947 [main] INFO  o.s.w.s.h.SimpleUrlHandlerMapping - Mapped URL path [/**] onto handler of type [class org.springframework.web.servlet.resource.ResourceHttpRequestHandler]
23:05:49.137 [main] INFO  org.mongodb.driver.cluster - Cluster created with settings {hosts=[localhost:27017], mode=MULTIPLE, requiredClusterType=UNKNOWN, serverSelectionTimeout='30000 ms', maxWaitQueueSize=500}
23:05:49.137 [main] INFO  org.mongodb.driver.cluster - Adding discovered server localhost:27017 to client view of cluster
23:05:50.227 [cluster-ClusterId{value='5cb5003d6287b10778a92cc6', description='null'}-localhost:27017] INFO  org.mongodb.driver.cluster - Exception in monitor thread while connecting to server localhost:27017
com.mongodb.MongoSocketOpenException: Exception opening socket
	at com.mongodb.connection.SocketStream.open(SocketStream.java:62)
	at com.mongodb.connection.InternalStreamConnection.open(InternalStreamConnection.java:126)
	at com.mongodb.connection.DefaultServerMonitor$ServerMonitorRunnable.run(DefaultServerMonitor.java:114)
	at java.lang.Thread.run(Unknown Source)
Caused by: java.net.ConnectException: Connection refused: connect
	at java.net.DualStackPlainSocketImpl.waitForConnect(Native Method)
	at java.net.DualStackPlainSocketImpl.socketConnect(Unknown Source)
	at java.net.AbstractPlainSocketImpl.doConnect(Unknown Source)
	at java.net.AbstractPlainSocketImpl.connectToAddress(Unknown Source)
	at java.net.AbstractPlainSocketImpl.connect(Unknown Source)
	at java.net.PlainSocketImpl.connect(Unknown Source)
	at java.net.SocksSocketImpl.connect(Unknown Source)
	at java.net.Socket.connect(Unknown Source)
	at com.mongodb.connection.SocketStreamHelper.initialize(SocketStreamHelper.java:59)
	at com.mongodb.connection.SocketStream.open(SocketStream.java:57)
	... 3 common frames omitted
23:05:52.667 [main] INFO  o.s.b.a.e.web.EndpointLinksResolver - Exposing 2 endpoint(s) beneath base path '/actuator'
23:05:52.718 [main] INFO  o.s.b.a.e.w.s.WebMvcEndpointHandlerMapping - Mapped "{[/actuator/health],methods=[GET],produces=[application/vnd.spring-boot.actuator.v2+json || application/json]}" onto public java.lang.Object org.springframework.boot.actuate.endpoint.web.servlet.AbstractWebMvcEndpointHandlerMapping$OperationHandler.handle(javax.servlet.http.HttpServletRequest,java.util.Map<java.lang.String, java.lang.String>)
23:05:52.719 [main] INFO  o.s.b.a.e.w.s.WebMvcEndpointHandlerMapping - Mapped "{[/actuator/info],methods=[GET],produces=[application/vnd.spring-boot.actuator.v2+json || application/json]}" onto public java.lang.Object org.springframework.boot.actuate.endpoint.web.servlet.AbstractWebMvcEndpointHandlerMapping$OperationHandler.handle(javax.servlet.http.HttpServletRequest,java.util.Map<java.lang.String, java.lang.String>)
23:05:52.730 [main] INFO  o.s.b.a.e.w.s.WebMvcEndpointHandlerMapping - Mapped "{[/actuator],methods=[GET],produces=[application/vnd.spring-boot.actuator.v2+json || application/json]}" onto protected java.util.Map<java.lang.String, java.util.Map<java.lang.String, org.springframework.boot.actuate.endpoint.web.Link>> org.springframework.boot.actuate.endpoint.web.servlet.WebMvcEndpointHandlerMapping.links(javax.servlet.http.HttpServletRequest,javax.servlet.http.HttpServletResponse)
23:05:53.028 [main] INFO  c.t.d.SpringBootMysqldbApplicationTests - Started SpringBootMysqldbApplicationTests in 24.331 seconds (JVM running for 27.345)
23:05:53.973 [Thread-4] INFO  o.s.w.c.s.GenericWebApplicationContext - Closing org.springframework.web.context.support.GenericWebApplicationContext@43599640: startup date [Mon Apr 15 23:05:29 BST 2019]; root of context hierarchy
23:05:53.995 [Thread-4] INFO  o.s.o.j.LocalContainerEntityManagerFactoryBean - Closing JPA EntityManagerFactory for persistence unit 'default'
23:05:53.999 [Thread-4] INFO  com.zaxxer.hikari.HikariDataSource - HikariPool-1 - Shutdown initiated...
23:05:54.016 [Thread-4] INFO  com.zaxxer.hikari.HikariDataSource - HikariPool-1 - Shutdown completed.
