16:54:16.313 [main] INFO  o.s.b.t.c.SpringBootTestContextBootstrapper - Neither @ContextConfiguration nor @ContextHierarchy found for test class [com.techprimers.db.SpringBootMysqldbApplicationTests], using SpringBootContextLoader
16:54:16.492 [main] INFO  o.s.t.c.s.AbstractContextLoader - Could not detect default resource locations for test class [com.techprimers.db.SpringBootMysqldbApplicationTests]: no resource found for suffixes {-context.xml, Context.groovy}.
16:54:16.516 [main] INFO  o.s.t.c.s.AnnotationConfigContextLoaderUtils - Could not detect default configuration classes for test class [com.techprimers.db.SpringBootMysqldbApplicationTests]: SpringBootMysqldbApplicationTests does not declare any static, non-private, non-final, nested classes annotated with @Configuration.
16:54:17.324 [main] INFO  o.s.b.t.c.SpringBootTestContextBootstrapper - Found @SpringBootConfiguration com.techprimers.db.SpringBootMysqldbApplication for test class com.techprimers.db.SpringBootMysqldbApplicationTests
16:54:17.746 [main] INFO  o.s.b.t.c.SpringBootTestContextBootstrapper - Loaded default TestExecutionListener class names from location [META-INF/spring.factories]: [org.springframework.boot.test.mock.mockito.MockitoTestExecutionListener, org.springframework.boot.test.mock.mockito.ResetMocksTestExecutionListener, org.springframework.boot.test.autoconfigure.restdocs.RestDocsTestExecutionListener, org.springframework.boot.test.autoconfigure.web.client.MockRestServiceServerResetTestExecutionListener, org.springframework.boot.test.autoconfigure.web.servlet.MockMvcPrintOnlyOnFailureTestExecutionListener, org.springframework.boot.test.autoconfigure.web.servlet.WebDriverTestExecutionListener, org.springframework.test.context.web.ServletTestExecutionListener, org.springframework.test.context.support.DirtiesContextBeforeModesTestExecutionListener, org.springframework.test.context.support.DependencyInjectionTestExecutionListener, org.springframework.test.context.support.DirtiesContextTestExecutionListener, org.springframework.test.context.transaction.TransactionalTestExecutionListener, org.springframework.test.context.jdbc.SqlScriptsTestExecutionListener]
16:54:17.850 [main] INFO  o.s.b.t.c.SpringBootTestContextBootstrapper - Using TestExecutionListeners: [org.springframework.test.context.web.ServletTestExecutionListener@3e84448c, org.springframework.test.context.support.DirtiesContextBeforeModesTestExecutionListener@4a7f959b, org.springframework.boot.test.mock.mockito.MockitoTestExecutionListener@429bffaa, org.springframework.boot.test.autoconfigure.SpringBootDependencyInjectionTestExecutionListener@5403f35f, org.springframework.test.context.support.DirtiesContextTestExecutionListener@483f6d77, org.springframework.test.context.transaction.TransactionalTestExecutionListener@7e5afaa6, org.springframework.test.context.jdbc.SqlScriptsTestExecutionListener@63a12c68, org.springframework.boot.test.mock.mockito.ResetMocksTestExecutionListener@28f3b248, org.springframework.boot.test.autoconfigure.restdocs.RestDocsTestExecutionListener@1b1426f4, org.springframework.boot.test.autoconfigure.web.client.MockRestServiceServerResetTestExecutionListener@32b260fa, org.springframework.boot.test.autoconfigure.web.servlet.MockMvcPrintOnlyOnFailureTestExecutionListener@581ac8a8, org.springframework.boot.test.autoconfigure.web.servlet.WebDriverTestExecutionListener@6d4e5011]
16:54:19.874 [main] INFO  c.t.d.SpringBootMysqldbApplicationTests - Starting SpringBootMysqldbApplicationTests on DESKTOP-HGHKDQH with PID 14972 (started by sofia in C:\Users\sofia\git\spring-boot-mysql-example)
16:54:19.874 [main] INFO  c.t.d.SpringBootMysqldbApplicationTests - No active profile set, falling back to default profiles: default
16:54:20.139 [main] INFO  o.s.w.c.s.GenericWebApplicationContext - Refreshing org.springframework.web.context.support.GenericWebApplicationContext@48c76607: startup date [Wed Apr 10 16:54:20 BST 2019]; root of context hierarchy
16:54:23.752 [main] INFO  o.s.d.r.c.RepositoryConfigurationDelegate - Multiple Spring Data modules found, entering strict repository configuration mode!
16:54:25.284 [main] INFO  o.s.d.r.c.RepositoryConfigurationDelegate - Multiple Spring Data modules found, entering strict repository configuration mode!
16:54:25.308 [main] INFO  o.s.d.r.c.RepositoryConfigurationExtensionSupport - Spring Data MongoDB - Could not safely identify store assignment for repository candidate interface com.techprimers.db.repository.BioanalysisMetabolitePriceRepository.
16:54:25.328 [main] INFO  o.s.d.r.c.RepositoryConfigurationExtensionSupport - Spring Data MongoDB - Could not safely identify store assignment for repository candidate interface com.techprimers.db.repository.BioanalysisMetaboliteRepository.
16:54:25.328 [main] INFO  o.s.d.r.c.RepositoryConfigurationExtensionSupport - Spring Data MongoDB - Could not safely identify store assignment for repository candidate interface com.techprimers.db.repository.ExternalSourceIdRepository.
16:54:25.328 [main] INFO  o.s.d.r.c.RepositoryConfigurationExtensionSupport - Spring Data MongoDB - Could not safely identify store assignment for repository candidate interface com.techprimers.db.repository.MetaboliteNameRepository.
16:54:25.328 [main] INFO  o.s.d.r.c.RepositoryConfigurationExtensionSupport - Spring Data MongoDB - Could not safely identify store assignment for repository candidate interface com.techprimers.db.repository.ProviderRepository.
16:54:26.609 [main] INFO  o.s.c.s.PostProcessorRegistrationDelegate$BeanPostProcessorChecker - Bean 'org.springframework.transaction.annotation.ProxyTransactionManagementConfiguration' of type [org.springframework.transaction.annotation.ProxyTransactionManagementConfiguration$$EnhancerBySpringCGLIB$$8a1d87b5] is not eligible for getting processed by all BeanPostProcessors (for example: not eligible for auto-proxying)
16:54:28.210 [main] INFO  com.zaxxer.hikari.HikariDataSource - HikariPool-1 - Starting...
16:54:28.873 [main] INFO  com.zaxxer.hikari.HikariDataSource - HikariPool-1 - Start completed.
16:54:29.181 [main] INFO  o.s.o.j.LocalContainerEntityManagerFactoryBean - Building JPA container EntityManagerFactory for persistence unit 'default'
16:54:29.682 [main] INFO  org.hibernate.Version - HHH000412: Hibernate Core {5.2.17.Final}
16:54:29.686 [main] INFO  org.hibernate.cfg.Environment - HHH000206: hibernate.properties not found
16:54:29.970 [main] INFO  o.h.annotations.common.Version - HCANN000001: Hibernate Commons Annotations {5.0.1.Final}
16:54:30.444 [main] INFO  org.hibernate.dialect.Dialect - HHH000400: Using dialect: org.hibernate.dialect.MySQL5InnoDBDialect
16:54:32.697 [main] INFO  org.hibernate.search.engine.Version - HSEARCH000034: Hibernate Search 5.6.0.Final
16:54:32.944 [main] INFO  org.hibernate.tuple.PojoInstantiator - HHH000182: No default (no-argument) constructor for class: com.techprimers.db.model.ExternalSource (class must be instantiated by Interceptor)
16:54:39.641 [main] INFO  o.s.o.j.LocalContainerEntityManagerFactoryBean - Initialized JPA EntityManagerFactory for persistence unit 'default'
16:54:42.205 [main] INFO  o.s.w.s.h.SimpleUrlHandlerMapping - Mapped URL path [/**/favicon.ico] onto handler of type [class org.springframework.web.servlet.resource.ResourceHttpRequestHandler]
16:54:43.375 [main] INFO  o.s.w.s.m.m.a.RequestMappingHandlerAdapter - Looking for @ControllerAdvice: org.springframework.web.context.support.GenericWebApplicationContext@48c76607: startup date [Wed Apr 10 16:54:20 BST 2019]; root of context hierarchy
16:54:43.603 [main] INFO  o.s.w.s.m.m.a.RequestMappingHandlerMapping - Mapped "{[/rest/bioeconomicsMetabolitePrice/load],methods=[POST]}" onto public java.util.List<com.techprimers.db.model.BioanalysisMetabolitePrice> com.techprimers.db.resource.BioanalysisMetabolitePriceResource.persist(com.techprimers.db.model.BioanalysisMetabolitePrice)
16:54:43.620 [main] INFO  o.s.w.s.m.m.a.RequestMappingHandlerMapping - Mapped "{[/rest/bioeconomicsMetabolitePrice/all],methods=[GET]}" onto public java.util.List<com.techprimers.db.model.BioanalysisMetabolitePrice> com.techprimers.db.resource.BioanalysisMetabolitePriceResource.getAll()
16:54:43.620 [main] INFO  o.s.w.s.m.m.a.RequestMappingHandlerMapping - Mapped "{[/rest/bioeconomicsMetabolite/load],methods=[POST]}" onto public java.util.List<com.techprimers.db.model.BioanalysisMetabolite> com.techprimers.db.resource.BioanalysisMetaboliteResource.persist(com.techprimers.db.model.BioanalysisMetabolite)
16:54:43.620 [main] INFO  o.s.w.s.m.m.a.RequestMappingHandlerMapping - Mapped "{[/rest/bioeconomicsMetabolite/all],methods=[GET]}" onto public java.util.List<com.techprimers.db.model.BioanalysisMetabolite> com.techprimers.db.resource.BioanalysisMetaboliteResource.getAll()
16:54:43.624 [main] INFO  o.s.w.s.m.m.a.RequestMappingHandlerMapping - Mapped "{[/rest/externalSourcesIds/load],methods=[POST]}" onto public java.util.List<com.techprimers.db.model.ExternalSourceId> com.techprimers.db.resource.ExternalSourceIdResource.persist(com.techprimers.db.model.ExternalSourceId)
16:54:43.624 [main] INFO  o.s.w.s.m.m.a.RequestMappingHandlerMapping - Mapped "{[/rest/externalSourcesIds/all],methods=[GET]}" onto public java.util.List<com.techprimers.db.model.ExternalSourceId> com.techprimers.db.resource.ExternalSourceIdResource.getAll()
16:54:43.624 [main] INFO  o.s.w.s.m.m.a.RequestMappingHandlerMapping - Mapped "{[/rest/metaboliteName/load],methods=[POST]}" onto public java.util.List<com.techprimers.db.model.MetaboliteName> com.techprimers.db.resource.MetaboliteNameResource.persist(com.techprimers.db.model.MetaboliteName)
16:54:43.624 [main] INFO  o.s.w.s.m.m.a.RequestMappingHandlerMapping - Mapped "{[/rest/metaboliteName/all],methods=[GET]}" onto public java.util.List<com.techprimers.db.model.MetaboliteName> com.techprimers.db.resource.MetaboliteNameResource.getAll()
16:54:43.628 [main] INFO  o.s.w.s.m.m.a.RequestMappingHandlerMapping - Mapped "{[/rest/provider/load],methods=[POST]}" onto public java.util.List<com.techprimers.db.model.Provider> com.techprimers.db.resource.ProviderResource.persist(com.techprimers.db.model.Provider)
16:54:43.628 [main] INFO  o.s.w.s.m.m.a.RequestMappingHandlerMapping - Mapped "{[/rest/provider/all],methods=[GET]}" onto public java.util.List<com.techprimers.db.model.Provider> com.techprimers.db.resource.ProviderResource.getAll()
16:54:43.628 [main] INFO  o.s.w.s.m.m.a.RequestMappingHandlerMapping - Mapped "{[/test/t],methods=[GET]}" onto public java.lang.Double com.techprimers.db.resource.Test.stats()
16:54:43.632 [main] INFO  o.s.w.s.m.m.a.RequestMappingHandlerMapping - Mapped "{[/error]}" onto public org.springframework.http.ResponseEntity<java.util.Map<java.lang.String, java.lang.Object>> org.springframework.boot.autoconfigure.web.servlet.error.BasicErrorController.error(javax.servlet.http.HttpServletRequest)
16:54:43.632 [main] INFO  o.s.w.s.m.m.a.RequestMappingHandlerMapping - Mapped "{[/error],produces=[text/html]}" onto public org.springframework.web.servlet.ModelAndView org.springframework.boot.autoconfigure.web.servlet.error.BasicErrorController.errorHtml(javax.servlet.http.HttpServletRequest,javax.servlet.http.HttpServletResponse)
16:54:43.716 [main] INFO  o.s.w.s.h.SimpleUrlHandlerMapping - Mapped URL path [/webjars/**] onto handler of type [class org.springframework.web.servlet.resource.ResourceHttpRequestHandler]
16:54:43.721 [main] INFO  o.s.w.s.h.SimpleUrlHandlerMapping - Mapped URL path [/**] onto handler of type [class org.springframework.web.servlet.resource.ResourceHttpRequestHandler]
16:54:51.331 [main] INFO  org.mongodb.driver.cluster - Cluster created with settings {hosts=[localhost:27017], mode=MULTIPLE, requiredClusterType=UNKNOWN, serverSelectionTimeout='30000 ms', maxWaitQueueSize=500}
16:54:51.331 [main] INFO  org.mongodb.driver.cluster - Adding discovered server localhost:27017 to client view of cluster
16:54:52.474 [cluster-ClusterId{value='5cae11cb11c00b3a7caba69b', description='null'}-localhost:27017] INFO  org.mongodb.driver.cluster - Exception in monitor thread while connecting to server localhost:27017
com.mongodb.MongoSocketOpenException: Exception opening socket
	at com.mongodb.connection.SocketStream.open(SocketStream.java:62)
	at com.mongodb.connection.InternalStreamConnection.open(InternalStreamConnection.java:126)
	at com.mongodb.connection.DefaultServerMonitor$ServerMonitorRunnable.run(DefaultServerMonitor.java:114)
	at java.lang.Thread.run(Unknown Source)
Caused by: java.net.ConnectException: Connection refused: connect
	at java.net.DualStackPlainSocketImpl.waitForConnect(Native Method)
	at java.net.DualStackPlainSocketImpl.socketConnect(Unknown Source)
	at java.net.AbstractPlainSocketImpl.doConnect(Unknown Source)
	at java.net.AbstractPlainSocketImpl.connectToAddress(Unknown Source)
	at java.net.AbstractPlainSocketImpl.connect(Unknown Source)
	at java.net.PlainSocketImpl.connect(Unknown Source)
	at java.net.SocksSocketImpl.connect(Unknown Source)
	at java.net.Socket.connect(Unknown Source)
	at com.mongodb.connection.SocketStreamHelper.initialize(SocketStreamHelper.java:59)
	at com.mongodb.connection.SocketStream.open(SocketStream.java:57)
	... 3 common frames omitted
16:54:54.050 [main] INFO  o.s.b.a.e.web.EndpointLinksResolver - Exposing 2 endpoint(s) beneath base path '/actuator'
16:54:54.086 [main] INFO  o.s.b.a.e.w.s.WebMvcEndpointHandlerMapping - Mapped "{[/actuator/health],methods=[GET],produces=[application/vnd.spring-boot.actuator.v2+json || application/json]}" onto public java.lang.Object org.springframework.boot.actuate.endpoint.web.servlet.AbstractWebMvcEndpointHandlerMapping$OperationHandler.handle(javax.servlet.http.HttpServletRequest,java.util.Map<java.lang.String, java.lang.String>)
16:54:54.086 [main] INFO  o.s.b.a.e.w.s.WebMvcEndpointHandlerMapping - Mapped "{[/actuator/info],methods=[GET],produces=[application/vnd.spring-boot.actuator.v2+json || application/json]}" onto public java.lang.Object org.springframework.boot.actuate.endpoint.web.servlet.AbstractWebMvcEndpointHandlerMapping$OperationHandler.handle(javax.servlet.http.HttpServletRequest,java.util.Map<java.lang.String, java.lang.String>)
16:54:54.090 [main] INFO  o.s.b.a.e.w.s.WebMvcEndpointHandlerMapping - Mapped "{[/actuator],methods=[GET],produces=[application/vnd.spring-boot.actuator.v2+json || application/json]}" onto protected java.util.Map<java.lang.String, java.util.Map<java.lang.String, org.springframework.boot.actuate.endpoint.web.Link>> org.springframework.boot.actuate.endpoint.web.servlet.WebMvcEndpointHandlerMapping.links(javax.servlet.http.HttpServletRequest,javax.servlet.http.HttpServletResponse)
16:54:54.253 [main] INFO  c.t.d.SpringBootMysqldbApplicationTests - Started SpringBootMysqldbApplicationTests in 36.014 seconds (JVM running for 40.383)
16:54:55.615 [Thread-4] INFO  o.s.w.c.s.GenericWebApplicationContext - Closing org.springframework.web.context.support.GenericWebApplicationContext@48c76607: startup date [Wed Apr 10 16:54:20 BST 2019]; root of context hierarchy
16:54:55.627 [Thread-4] INFO  o.s.o.j.LocalContainerEntityManagerFactoryBean - Closing JPA EntityManagerFactory for persistence unit 'default'
16:54:55.631 [Thread-4] INFO  com.zaxxer.hikari.HikariDataSource - HikariPool-1 - Shutdown initiated...
16:54:55.647 [Thread-4] INFO  com.zaxxer.hikari.HikariDataSource - HikariPool-1 - Shutdown completed.
17:02:22.678 [main] INFO  o.s.b.t.c.SpringBootTestContextBootstrapper - Neither @ContextConfiguration nor @ContextHierarchy found for test class [com.techprimers.db.SpringBootMysqldbApplicationTests], using SpringBootContextLoader
17:02:22.690 [main] INFO  o.s.t.c.s.AbstractContextLoader - Could not detect default resource locations for test class [com.techprimers.db.SpringBootMysqldbApplicationTests]: no resource found for suffixes {-context.xml, Context.groovy}.
17:02:22.694 [main] INFO  o.s.t.c.s.AnnotationConfigContextLoaderUtils - Could not detect default configuration classes for test class [com.techprimers.db.SpringBootMysqldbApplicationTests]: SpringBootMysqldbApplicationTests does not declare any static, non-private, non-final, nested classes annotated with @Configuration.
17:02:22.985 [main] INFO  o.s.b.t.c.SpringBootTestContextBootstrapper - Found @SpringBootConfiguration com.techprimers.db.SpringBootMysqldbApplication for test class com.techprimers.db.SpringBootMysqldbApplicationTests
17:02:23.274 [main] INFO  o.s.b.t.c.SpringBootTestContextBootstrapper - Loaded default TestExecutionListener class names from location [META-INF/spring.factories]: [org.springframework.boot.test.mock.mockito.MockitoTestExecutionListener, org.springframework.boot.test.mock.mockito.ResetMocksTestExecutionListener, org.springframework.boot.test.autoconfigure.restdocs.RestDocsTestExecutionListener, org.springframework.boot.test.autoconfigure.web.client.MockRestServiceServerResetTestExecutionListener, org.springframework.boot.test.autoconfigure.web.servlet.MockMvcPrintOnlyOnFailureTestExecutionListener, org.springframework.boot.test.autoconfigure.web.servlet.WebDriverTestExecutionListener, org.springframework.test.context.web.ServletTestExecutionListener, org.springframework.test.context.support.DirtiesContextBeforeModesTestExecutionListener, org.springframework.test.context.support.DependencyInjectionTestExecutionListener, org.springframework.test.context.support.DirtiesContextTestExecutionListener, org.springframework.test.context.transaction.TransactionalTestExecutionListener, org.springframework.test.context.jdbc.SqlScriptsTestExecutionListener]
17:02:23.305 [main] INFO  o.s.b.t.c.SpringBootTestContextBootstrapper - Using TestExecutionListeners: [org.springframework.test.context.web.ServletTestExecutionListener@3e84448c, org.springframework.test.context.support.DirtiesContextBeforeModesTestExecutionListener@4a7f959b, org.springframework.boot.test.mock.mockito.MockitoTestExecutionListener@429bffaa, org.springframework.boot.test.autoconfigure.SpringBootDependencyInjectionTestExecutionListener@5403f35f, org.springframework.test.context.support.DirtiesContextTestExecutionListener@483f6d77, org.springframework.test.context.transaction.TransactionalTestExecutionListener@7e5afaa6, org.springframework.test.context.jdbc.SqlScriptsTestExecutionListener@63a12c68, org.springframework.boot.test.mock.mockito.ResetMocksTestExecutionListener@28f3b248, org.springframework.boot.test.autoconfigure.restdocs.RestDocsTestExecutionListener@1b1426f4, org.springframework.boot.test.autoconfigure.web.client.MockRestServiceServerResetTestExecutionListener@32b260fa, org.springframework.boot.test.autoconfigure.web.servlet.MockMvcPrintOnlyOnFailureTestExecutionListener@581ac8a8, org.springframework.boot.test.autoconfigure.web.servlet.WebDriverTestExecutionListener@6d4e5011]
17:02:24.010 [main] INFO  c.t.d.SpringBootMysqldbApplicationTests - Starting SpringBootMysqldbApplicationTests on DESKTOP-HGHKDQH with PID 15068 (started by sofia in C:\Users\sofia\git\spring-boot-mysql-example)
17:02:24.014 [main] INFO  c.t.d.SpringBootMysqldbApplicationTests - No active profile set, falling back to default profiles: default
17:02:24.094 [main] INFO  o.s.w.c.s.GenericWebApplicationContext - Refreshing org.springframework.web.context.support.GenericWebApplicationContext@48c76607: startup date [Wed Apr 10 17:02:24 BST 2019]; root of context hierarchy
17:02:25.854 [main] INFO  o.s.d.r.c.RepositoryConfigurationDelegate - Multiple Spring Data modules found, entering strict repository configuration mode!
17:02:26.806 [main] INFO  o.s.d.r.c.RepositoryConfigurationDelegate - Multiple Spring Data modules found, entering strict repository configuration mode!
17:02:26.845 [main] INFO  o.s.d.r.c.RepositoryConfigurationExtensionSupport - Spring Data MongoDB - Could not safely identify store assignment for repository candidate interface com.techprimers.db.repository.BioanalysisMetabolitePriceRepository.
17:02:26.849 [main] INFO  o.s.d.r.c.RepositoryConfigurationExtensionSupport - Spring Data MongoDB - Could not safely identify store assignment for repository candidate interface com.techprimers.db.repository.BioanalysisMetaboliteRepository.
17:02:26.849 [main] INFO  o.s.d.r.c.RepositoryConfigurationExtensionSupport - Spring Data MongoDB - Could not safely identify store assignment for repository candidate interface com.techprimers.db.repository.ExternalSourceIdRepository.
17:02:26.849 [main] INFO  o.s.d.r.c.RepositoryConfigurationExtensionSupport - Spring Data MongoDB - Could not safely identify store assignment for repository candidate interface com.techprimers.db.repository.MetaboliteNameRepository.
17:02:26.853 [main] INFO  o.s.d.r.c.RepositoryConfigurationExtensionSupport - Spring Data MongoDB - Could not safely identify store assignment for repository candidate interface com.techprimers.db.repository.ProviderRepository.
17:02:28.070 [main] INFO  o.s.c.s.PostProcessorRegistrationDelegate$BeanPostProcessorChecker - Bean 'org.springframework.transaction.annotation.ProxyTransactionManagementConfiguration' of type [org.springframework.transaction.annotation.ProxyTransactionManagementConfiguration$$EnhancerBySpringCGLIB$$8a1d87b5] is not eligible for getting processed by all BeanPostProcessors (for example: not eligible for auto-proxying)
17:02:29.134 [main] INFO  com.zaxxer.hikari.HikariDataSource - HikariPool-1 - Starting...
17:02:29.511 [main] INFO  com.zaxxer.hikari.HikariDataSource - HikariPool-1 - Start completed.
17:02:29.644 [main] INFO  o.s.o.j.LocalContainerEntityManagerFactoryBean - Building JPA container EntityManagerFactory for persistence unit 'default'
17:02:29.966 [main] INFO  org.hibernate.Version - HHH000412: Hibernate Core {5.2.17.Final}
17:02:29.970 [main] INFO  org.hibernate.cfg.Environment - HHH000206: hibernate.properties not found
17:02:30.062 [main] INFO  o.h.annotations.common.Version - HCANN000001: Hibernate Commons Annotations {5.0.1.Final}
17:02:30.295 [main] INFO  org.hibernate.dialect.Dialect - HHH000400: Using dialect: org.hibernate.dialect.MySQL5InnoDBDialect
17:02:31.389 [main] INFO  org.hibernate.search.engine.Version - HSEARCH000034: Hibernate Search 5.6.0.Final
17:02:31.521 [main] INFO  org.hibernate.tuple.PojoInstantiator - HHH000182: No default (no-argument) constructor for class: com.techprimers.db.model.ExternalSource (class must be instantiated by Interceptor)
17:02:32.297 [main] INFO  o.s.o.j.LocalContainerEntityManagerFactoryBean - Initialized JPA EntityManagerFactory for persistence unit 'default'
17:02:33.799 [main] INFO  o.s.w.s.h.SimpleUrlHandlerMapping - Mapped URL path [/**/favicon.ico] onto handler of type [class org.springframework.web.servlet.resource.ResourceHttpRequestHandler]
17:02:34.579 [main] INFO  o.s.w.s.m.m.a.RequestMappingHandlerAdapter - Looking for @ControllerAdvice: org.springframework.web.context.support.GenericWebApplicationContext@48c76607: startup date [Wed Apr 10 17:02:24 BST 2019]; root of context hierarchy
17:02:34.803 [main] INFO  o.s.w.s.m.m.a.RequestMappingHandlerMapping - Mapped "{[/rest/bioeconomicsMetabolitePrice/all],methods=[GET]}" onto public java.util.List<com.techprimers.db.model.BioanalysisMetabolitePrice> com.techprimers.db.resource.BioanalysisMetabolitePriceResource.getAll()
17:02:34.803 [main] INFO  o.s.w.s.m.m.a.RequestMappingHandlerMapping - Mapped "{[/rest/bioeconomicsMetabolitePrice/load],methods=[POST]}" onto public java.util.List<com.techprimers.db.model.BioanalysisMetabolitePrice> com.techprimers.db.resource.BioanalysisMetabolitePriceResource.persist(com.techprimers.db.model.BioanalysisMetabolitePrice)
17:02:34.803 [main] INFO  o.s.w.s.m.m.a.RequestMappingHandlerMapping - Mapped "{[/rest/bioeconomicsMetabolite/all],methods=[GET]}" onto public java.util.List<com.techprimers.db.model.BioanalysisMetabolite> com.techprimers.db.resource.BioanalysisMetaboliteResource.getAll()
17:02:34.803 [main] INFO  o.s.w.s.m.m.a.RequestMappingHandlerMapping - Mapped "{[/rest/bioeconomicsMetabolite/load],methods=[POST]}" onto public java.util.List<com.techprimers.db.model.BioanalysisMetabolite> com.techprimers.db.resource.BioanalysisMetaboliteResource.persist(com.techprimers.db.model.BioanalysisMetabolite)
17:02:34.803 [main] INFO  o.s.w.s.m.m.a.RequestMappingHandlerMapping - Mapped "{[/rest/externalSourcesIds/all],methods=[GET]}" onto public java.util.List<com.techprimers.db.model.ExternalSourceId> com.techprimers.db.resource.ExternalSourceIdResource.getAll()
17:02:34.803 [main] INFO  o.s.w.s.m.m.a.RequestMappingHandlerMapping - Mapped "{[/rest/externalSourcesIds/load],methods=[POST]}" onto public java.util.List<com.techprimers.db.model.ExternalSourceId> com.techprimers.db.resource.ExternalSourceIdResource.persist(com.techprimers.db.model.ExternalSourceId)
17:02:34.803 [main] INFO  o.s.w.s.m.m.a.RequestMappingHandlerMapping - Mapped "{[/rest/metaboliteName/all],methods=[GET]}" onto public java.util.List<com.techprimers.db.model.MetaboliteName> com.techprimers.db.resource.MetaboliteNameResource.getAll()
17:02:34.803 [main] INFO  o.s.w.s.m.m.a.RequestMappingHandlerMapping - Mapped "{[/rest/metaboliteName/load],methods=[POST]}" onto public java.util.List<com.techprimers.db.model.MetaboliteName> com.techprimers.db.resource.MetaboliteNameResource.persist(com.techprimers.db.model.MetaboliteName)
17:02:34.803 [main] INFO  o.s.w.s.m.m.a.RequestMappingHandlerMapping - Mapped "{[/rest/provider/all],methods=[GET]}" onto public java.util.List<com.techprimers.db.model.Provider> com.techprimers.db.resource.ProviderResource.getAll()
17:02:34.803 [main] INFO  o.s.w.s.m.m.a.RequestMappingHandlerMapping - Mapped "{[/rest/provider/load],methods=[POST]}" onto public java.util.List<com.techprimers.db.model.Provider> com.techprimers.db.resource.ProviderResource.persist(com.techprimers.db.model.Provider)
17:02:34.803 [main] INFO  o.s.w.s.m.m.a.RequestMappingHandlerMapping - Mapped "{[/test/t],methods=[GET]}" onto public java.lang.Double com.techprimers.db.resource.Test.stats()
17:02:34.819 [main] INFO  o.s.w.s.m.m.a.RequestMappingHandlerMapping - Mapped "{[/error]}" onto public org.springframework.http.ResponseEntity<java.util.Map<java.lang.String, java.lang.Object>> org.springframework.boot.autoconfigure.web.servlet.error.BasicErrorController.error(javax.servlet.http.HttpServletRequest)
17:02:34.819 [main] INFO  o.s.w.s.m.m.a.RequestMappingHandlerMapping - Mapped "{[/error],produces=[text/html]}" onto public org.springframework.web.servlet.ModelAndView org.springframework.boot.autoconfigure.web.servlet.error.BasicErrorController.errorHtml(javax.servlet.http.HttpServletRequest,javax.servlet.http.HttpServletResponse)
17:02:34.942 [main] INFO  o.s.w.s.h.SimpleUrlHandlerMapping - Mapped URL path [/webjars/**] onto handler of type [class org.springframework.web.servlet.resource.ResourceHttpRequestHandler]
17:02:34.942 [main] INFO  o.s.w.s.h.SimpleUrlHandlerMapping - Mapped URL path [/**] onto handler of type [class org.springframework.web.servlet.resource.ResourceHttpRequestHandler]
17:02:37.093 [main] INFO  org.mongodb.driver.cluster - Cluster created with settings {hosts=[localhost:27017], mode=MULTIPLE, requiredClusterType=UNKNOWN, serverSelectionTimeout='30000 ms', maxWaitQueueSize=500}
17:02:37.093 [main] INFO  org.mongodb.driver.cluster - Adding discovered server localhost:27017 to client view of cluster
17:02:38.188 [cluster-ClusterId{value='5cae139d11c00b3adc0ec6ca', description='null'}-localhost:27017] INFO  org.mongodb.driver.cluster - Exception in monitor thread while connecting to server localhost:27017
com.mongodb.MongoSocketOpenException: Exception opening socket
	at com.mongodb.connection.SocketStream.open(SocketStream.java:62)
	at com.mongodb.connection.InternalStreamConnection.open(InternalStreamConnection.java:126)
	at com.mongodb.connection.DefaultServerMonitor$ServerMonitorRunnable.run(DefaultServerMonitor.java:114)
	at java.lang.Thread.run(Unknown Source)
Caused by: java.net.ConnectException: Connection refused: connect
	at java.net.DualStackPlainSocketImpl.waitForConnect(Native Method)
	at java.net.DualStackPlainSocketImpl.socketConnect(Unknown Source)
	at java.net.AbstractPlainSocketImpl.doConnect(Unknown Source)
	at java.net.AbstractPlainSocketImpl.connectToAddress(Unknown Source)
	at java.net.AbstractPlainSocketImpl.connect(Unknown Source)
	at java.net.PlainSocketImpl.connect(Unknown Source)
	at java.net.SocksSocketImpl.connect(Unknown Source)
	at java.net.Socket.connect(Unknown Source)
	at com.mongodb.connection.SocketStreamHelper.initialize(SocketStreamHelper.java:59)
	at com.mongodb.connection.SocketStream.open(SocketStream.java:57)
	... 3 common frames omitted
17:02:39.421 [main] INFO  o.s.b.a.e.web.EndpointLinksResolver - Exposing 2 endpoint(s) beneath base path '/actuator'
17:02:39.465 [main] INFO  o.s.b.a.e.w.s.WebMvcEndpointHandlerMapping - Mapped "{[/actuator/health],methods=[GET],produces=[application/vnd.spring-boot.actuator.v2+json || application/json]}" onto public java.lang.Object org.springframework.boot.actuate.endpoint.web.servlet.AbstractWebMvcEndpointHandlerMapping$OperationHandler.handle(javax.servlet.http.HttpServletRequest,java.util.Map<java.lang.String, java.lang.String>)
17:02:39.469 [main] INFO  o.s.b.a.e.w.s.WebMvcEndpointHandlerMapping - Mapped "{[/actuator/info],methods=[GET],produces=[application/vnd.spring-boot.actuator.v2+json || application/json]}" onto public java.lang.Object org.springframework.boot.actuate.endpoint.web.servlet.AbstractWebMvcEndpointHandlerMapping$OperationHandler.handle(javax.servlet.http.HttpServletRequest,java.util.Map<java.lang.String, java.lang.String>)
17:02:39.469 [main] INFO  o.s.b.a.e.w.s.WebMvcEndpointHandlerMapping - Mapped "{[/actuator],methods=[GET],produces=[application/vnd.spring-boot.actuator.v2+json || application/json]}" onto protected java.util.Map<java.lang.String, java.util.Map<java.lang.String, org.springframework.boot.actuate.endpoint.web.Link>> org.springframework.boot.actuate.endpoint.web.servlet.WebMvcEndpointHandlerMapping.links(javax.servlet.http.HttpServletRequest,javax.servlet.http.HttpServletResponse)
17:02:39.633 [main] INFO  c.t.d.SpringBootMysqldbApplicationTests - Started SpringBootMysqldbApplicationTests in 16.239 seconds (JVM running for 18.525)
17:02:40.454 [Thread-4] INFO  o.s.w.c.s.GenericWebApplicationContext - Closing org.springframework.web.context.support.GenericWebApplicationContext@48c76607: startup date [Wed Apr 10 17:02:24 BST 2019]; root of context hierarchy
17:02:40.482 [Thread-4] INFO  o.s.o.j.LocalContainerEntityManagerFactoryBean - Closing JPA EntityManagerFactory for persistence unit 'default'
17:02:40.482 [Thread-4] INFO  com.zaxxer.hikari.HikariDataSource - HikariPool-1 - Shutdown initiated...
17:02:40.494 [Thread-4] INFO  com.zaxxer.hikari.HikariDataSource - HikariPool-1 - Shutdown completed.
